[2024-05-29 08:58:45] local.ERROR: syntax error, unexpected end of file {"exception":"[object] (ParseError(code: 0): syntax error, unexpected end of file at /media/yash/New Volume/OFFICE/HRMS/hrmgosaas-61nulled/codecanyon-25982934-hrmgo-saas-hrm-and-payroll-tool/main-file/app/Http/Controllers/AppraisalController.php:3)
[stacktrace]
#0 /media/yash/New Volume/OFFICE/HRMS/hrmgosaas-61nulled/codecanyon-25982934-hrmgo-saas-hrm-and-payroll-tool/main-file/vendor/composer/ClassLoader.php(428): Composer\\Autoload\\includeFile()
#1 [internal function]: Composer\\Autoload\\ClassLoader->loadClass()
#2 /media/yash/New Volume/OFFICE/HRMS/hrmgosaas-61nulled/codecanyon-25982934-hrmgo-saas-hrm-and-payroll-tool/main-file/vendor/laravel/framework/src/Illuminate/Routing/Route.php(1092): is_a()
#3 /media/yash/New Volume/OFFICE/HRMS/hrmgosaas-61nulled/codecanyon-25982934-hrmgo-saas-hrm-and-payroll-tool/main-file/vendor/laravel/framework/src/Illuminate/Routing/Route.php(1031): Illuminate\\Routing\\Route->controllerMiddleware()
#4 /media/yash/New Volume/OFFICE/HRMS/hrmgosaas-61nulled/codecanyon-25982934-hrmgo-saas-hrm-and-payroll-tool/main-file/vendor/laravel/framework/src/Illuminate/Routing/Router.php(810): Illuminate\\Routing\\Route->gatherMiddleware()
#5 /media/yash/New Volume/OFFICE/HRMS/hrmgosaas-61nulled/codecanyon-25982934-hrmgo-saas-hrm-and-payroll-tool/main-file/vendor/laravel/framework/src/Illuminate/Routing/Router.php(792): Illuminate\\Routing\\Router->gatherRouteMiddleware()
#6 /media/yash/New Volume/OFFICE/HRMS/hrmgosaas-61nulled/codecanyon-25982934-hrmgo-saas-hrm-and-payroll-tool/main-file/vendor/laravel/framework/src/Illuminate/Routing/Router.php(776): Illuminate\\Routing\\Router->runRouteWithinStack()
#7 /media/yash/New Volume/OFFICE/HRMS/hrmgosaas-61nulled/codecanyon-25982934-hrmgo-saas-hrm-and-payroll-tool/main-file/vendor/laravel/framework/src/Illuminate/Routing/Router.php(740): Illuminate\\Routing\\Router->runRoute()
#8 /media/yash/New Volume/OFFICE/HRMS/hrmgosaas-61nulled/codecanyon-25982934-hrmgo-saas-hrm-and-payroll-tool/main-file/vendor/laravel/framework/src/Illuminate/Routing/Router.php(729): Illuminate\\Routing\\Router->dispatchToRoute()
#9 /media/yash/New Volume/OFFICE/HRMS/hrmgosaas-61nulled/codecanyon-25982934-hrmgo-saas-hrm-and-payroll-tool/main-file/vendor/laravel/framework/src/Illuminate/Foundation/Http/Kernel.php(200): Illuminate\\Routing\\Router->dispatch()
#10 /media/yash/New Volume/OFFICE/HRMS/hrmgosaas-61nulled/codecanyon-25982934-hrmgo-saas-hrm-and-payroll-tool/main-file/vendor/laravel/framework/src/Illuminate/Pipeline/Pipeline.php(141): Illuminate\\Foundation\\Http\\Kernel->Illuminate\\Foundation\\Http\\{closure}()
#11 /media/yash/New Volume/OFFICE/HRMS/hrmgosaas-61nulled/codecanyon-25982934-hrmgo-saas-hrm-and-payroll-tool/main-file/vendor/barryvdh/laravel-debugbar/src/Middleware/InjectDebugbar.php(59): Illuminate\\Pipeline\\Pipeline->Illuminate\\Pipeline\\{closure}()
#12 /media/yash/New Volume/OFFICE/HRMS/hrmgosaas-61nulled/codecanyon-25982934-hrmgo-saas-hrm-and-payroll-tool/main-file/vendor/laravel/framework/src/Illuminate/Pipeline/Pipeline.php(180): Barryvdh\\Debugbar\\Middleware\\InjectDebugbar->handle()
#13 /media/yash/New Volume/OFFICE/HRMS/hrmgosaas-61nulled/codecanyon-25982934-hrmgo-saas-hrm-and-payroll-tool/main-file/vendor/laravel/framework/src/Illuminate/Foundation/Http/Middleware/TransformsRequest.php(21): Illuminate\\Pipeline\\Pipeline->Illuminate\\Pipeline\\{closure}()
#14 /media/yash/New Volume/OFFICE/HRMS/hrmgosaas-61nulled/codecanyon-25982934-hrmgo-saas-hrm-and-payroll-tool/main-file/vendor/laravel/framework/src/Illuminate/Foundation/Http/Middleware/ConvertEmptyStringsToNull.php(31): Illuminate\\Foundation\\Http\\Middleware\\TransformsRequest->handle()
#15 /media/yash/New Volume/OFFICE/HRMS/hrmgosaas-61nulled/codecanyon-25982934-hrmgo-saas-hrm-and-payroll-tool/main-file/vendor/laravel/framework/src/Illuminate/Pipeline/Pipeline.php(180): Illuminate\\Foundation\\Http\\Middleware\\ConvertEmptyStringsToNull->handle()
#16 /media/yash/New Volume/OFFICE/HRMS/hrmgosaas-61nulled/codecanyon-25982934-hrmgo-saas-hrm-and-payroll-tool/main-file/vendor/laravel/framework/src/Illuminate/Foundation/Http/Middleware/TransformsRequest.php(21): Illuminate\\Pipeline\\Pipeline->Illuminate\\Pipeline\\{closure}()
#17 /media/yash/New Volume/OFFICE/HRMS/hrmgosaas-61nulled/codecanyon-25982934-hrmgo-saas-hrm-and-payroll-tool/main-file/vendor/laravel/framework/src/Illuminate/Foundation/Http/Middleware/TrimStrings.php(40): Illuminate\\Foundation\\Http\\Middleware\\TransformsRequest->handle()
#18 /media/yash/New Volume/OFFICE/HRMS/hrmgosaas-61nulled/codecanyon-25982934-hrmgo-saas-hrm-and-payroll-tool/main-file/vendor/laravel/framework/src/Illuminate/Pipeline/Pipeline.php(180): Illuminate\\Foundation\\Http\\Middleware\\TrimStrings->handle()
#19 /media/yash/New Volume/OFFICE/HRMS/hrmgosaas-61nulled/codecanyon-25982934-hrmgo-saas-hrm-and-payroll-tool/main-file/vendor/laravel/framework/src/Illuminate/Foundation/Http/Middleware/ValidatePostSize.php(27): Illuminate\\Pipeline\\Pipeline->Illuminate\\Pipeline\\{closure}()
#20 /media/yash/New Volume/OFFICE/HRMS/hrmgosaas-61nulled/codecanyon-25982934-hrmgo-saas-hrm-and-payroll-tool/main-file/vendor/laravel/framework/src/Illuminate/Pipeline/Pipeline.php(180): Illuminate\\Foundation\\Http\\Middleware\\ValidatePostSize->handle()
#21 /media/yash/New Volume/OFFICE/HRMS/hrmgosaas-61nulled/codecanyon-25982934-hrmgo-saas-hrm-and-payroll-tool/main-file/vendor/laravel/framework/src/Illuminate/Foundation/Http/Middleware/PreventRequestsDuringMaintenance.php(99): Illuminate\\Pipeline\\Pipeline->Illuminate\\Pipeline\\{closure}()
#22 /media/yash/New Volume/OFFICE/HRMS/hrmgosaas-61nulled/codecanyon-25982934-hrmgo-saas-hrm-and-payroll-tool/main-file/vendor/laravel/framework/src/Illuminate/Pipeline/Pipeline.php(180): Illuminate\\Foundation\\Http\\Middleware\\PreventRequestsDuringMaintenance->handle()
#23 /media/yash/New Volume/OFFICE/HRMS/hrmgosaas-61nulled/codecanyon-25982934-hrmgo-saas-hrm-and-payroll-tool/main-file/vendor/laravel/framework/src/Illuminate/Http/Middleware/TrustProxies.php(39): Illuminate\\Pipeline\\Pipeline->Illuminate\\Pipeline\\{closure}()
#24 /media/yash/New Volume/OFFICE/HRMS/hrmgosaas-61nulled/codecanyon-25982934-hrmgo-saas-hrm-and-payroll-tool/main-file/vendor/laravel/framework/src/Illuminate/Pipeline/Pipeline.php(180): Illuminate\\Http\\Middleware\\TrustProxies->handle()
#25 /media/yash/New Volume/OFFICE/HRMS/hrmgosaas-61nulled/codecanyon-25982934-hrmgo-saas-hrm-and-payroll-tool/main-file/vendor/laravel/framework/src/Illuminate/Pipeline/Pipeline.php(116): Illuminate\\Pipeline\\Pipeline->Illuminate\\Pipeline\\{closure}()
#26 /media/yash/New Volume/OFFICE/HRMS/hrmgosaas-61nulled/codecanyon-25982934-hrmgo-saas-hrm-and-payroll-tool/main-file/vendor/laravel/framework/src/Illuminate/Foundation/Http/Kernel.php(175): Illuminate\\Pipeline\\Pipeline->then()
#27 /media/yash/New Volume/OFFICE/HRMS/hrmgosaas-61nulled/codecanyon-25982934-hrmgo-saas-hrm-and-payroll-tool/main-file/vendor/laravel/framework/src/Illuminate/Foundation/Http/Kernel.php(144): Illuminate\\Foundation\\Http\\Kernel->sendRequestThroughRouter()
#28 /media/yash/New Volume/OFFICE/HRMS/hrmgosaas-61nulled/codecanyon-25982934-hrmgo-saas-hrm-and-payroll-tool/main-file/public/index.php(51): Illuminate\\Foundation\\Http\\Kernel->handle()
#29 /media/yash/New Volume/OFFICE/HRMS/hrmgosaas-61nulled/codecanyon-25982934-hrmgo-saas-hrm-and-payroll-tool/main-file/vendor/laravel/framework/src/Illuminate/Foundation/resources/server.php(16): require_once('...')
#30 {main}
"} 
[2024-05-29 10:58:22] laravel.EMERGENCY: Unable to create configured logger. Using emergency logger. {"exception":"[object] (InvalidArgumentException(code: 0): Log [] is not defined. at /media/yash/New Volume/OFFICE/HRMS/hrmgosaas-61nulled/codecanyon-25982934-hrmgo-saas-hrm-and-payroll-tool/main-file/vendor/laravel/framework/src/Illuminate/Log/LogManager.php:212)
[stacktrace]
#0 /media/yash/New Volume/OFFICE/HRMS/hrmgosaas-61nulled/codecanyon-25982934-hrmgo-saas-hrm-and-payroll-tool/main-file/vendor/laravel/framework/src/Illuminate/Log/LogManager.php(137): Illuminate\\Log\\LogManager->resolve()
#1 /media/yash/New Volume/OFFICE/HRMS/hrmgosaas-61nulled/codecanyon-25982934-hrmgo-saas-hrm-and-payroll-tool/main-file/vendor/laravel/framework/src/Illuminate/Log/LogManager.php(124): Illuminate\\Log\\LogManager->get()
#2 /media/yash/New Volume/OFFICE/HRMS/hrmgosaas-61nulled/codecanyon-25982934-hrmgo-saas-hrm-and-payroll-tool/main-file/vendor/laravel/framework/src/Illuminate/Log/LogManager.php(665): Illuminate\\Log\\LogManager->driver()
#3 /media/yash/New Volume/OFFICE/HRMS/hrmgosaas-61nulled/codecanyon-25982934-hrmgo-saas-hrm-and-payroll-tool/main-file/vendor/laravel/framework/src/Illuminate/Foundation/Exceptions/Handler.php(317): Illuminate\\Log\\LogManager->error()
#4 /media/yash/New Volume/OFFICE/HRMS/hrmgosaas-61nulled/codecanyon-25982934-hrmgo-saas-hrm-and-payroll-tool/main-file/vendor/laravel/framework/src/Illuminate/Foundation/Exceptions/Handler.php(278): Illuminate\\Foundation\\Exceptions\\Handler->reportThrowable()
#5 /media/yash/New Volume/OFFICE/HRMS/hrmgosaas-61nulled/codecanyon-25982934-hrmgo-saas-hrm-and-payroll-tool/main-file/vendor/laravel/framework/src/Illuminate/Foundation/Console/Kernel.php(523): Illuminate\\Foundation\\Exceptions\\Handler->report()
#6 /media/yash/New Volume/OFFICE/HRMS/hrmgosaas-61nulled/codecanyon-25982934-hrmgo-saas-hrm-and-payroll-tool/main-file/vendor/laravel/framework/src/Illuminate/Foundation/Console/Kernel.php(203): Illuminate\\Foundation\\Console\\Kernel->reportException()
#7 Command line code(1): Illuminate\\Foundation\\Console\\Kernel->handle()
#8 {main}
"} 
[2024-05-29 10:58:22] laravel.ERROR: Unable to load the "app" configuration file. {"exception":"[object] (Exception(code: 0): Unable to load the \"app\" configuration file. at /media/yash/New Volume/OFFICE/HRMS/hrmgosaas-61nulled/codecanyon-25982934-hrmgo-saas-hrm-and-payroll-tool/main-file/vendor/laravel/framework/src/Illuminate/Foundation/Bootstrap/LoadConfiguration.php:66)
[stacktrace]
#0 /media/yash/New Volume/OFFICE/HRMS/hrmgosaas-61nulled/codecanyon-25982934-hrmgo-saas-hrm-and-payroll-tool/main-file/vendor/laravel/framework/src/Illuminate/Foundation/Bootstrap/LoadConfiguration.php(39): Illuminate\\Foundation\\Bootstrap\\LoadConfiguration->loadConfigurationFiles()
#1 /media/yash/New Volume/OFFICE/HRMS/hrmgosaas-61nulled/codecanyon-25982934-hrmgo-saas-hrm-and-payroll-tool/main-file/vendor/laravel/framework/src/Illuminate/Foundation/Application.php(261): Illuminate\\Foundation\\Bootstrap\\LoadConfiguration->bootstrap()
#2 /media/yash/New Volume/OFFICE/HRMS/hrmgosaas-61nulled/codecanyon-25982934-hrmgo-saas-hrm-and-payroll-tool/main-file/vendor/laravel/framework/src/Illuminate/Foundation/Console/Kernel.php(447): Illuminate\\Foundation\\Application->bootstrapWith()
#3 /media/yash/New Volume/OFFICE/HRMS/hrmgosaas-61nulled/codecanyon-25982934-hrmgo-saas-hrm-and-payroll-tool/main-file/vendor/laravel/framework/src/Illuminate/Foundation/Console/Kernel.php(199): Illuminate\\Foundation\\Console\\Kernel->bootstrap()
#4 Command line code(1): Illuminate\\Foundation\\Console\\Kernel->handle()
#5 {main}
"} 
[2024-05-29 10:58:23] laravel.EMERGENCY: Unable to create configured logger. Using emergency logger. {"exception":"[object] (InvalidArgumentException(code: 0): Log [] is not defined. at /media/yash/New Volume/OFFICE/HRMS/hrmgosaas-61nulled/codecanyon-25982934-hrmgo-saas-hrm-and-payroll-tool/main-file/vendor/laravel/framework/src/Illuminate/Log/LogManager.php:212)
[stacktrace]
#0 /media/yash/New Volume/OFFICE/HRMS/hrmgosaas-61nulled/codecanyon-25982934-hrmgo-saas-hrm-and-payroll-tool/main-file/vendor/laravel/framework/src/Illuminate/Log/LogManager.php(137): Illuminate\\Log\\LogManager->resolve()
#1 /media/yash/New Volume/OFFICE/HRMS/hrmgosaas-61nulled/codecanyon-25982934-hrmgo-saas-hrm-and-payroll-tool/main-file/vendor/laravel/framework/src/Illuminate/Log/LogManager.php(124): Illuminate\\Log\\LogManager->get()
#2 /media/yash/New Volume/OFFICE/HRMS/hrmgosaas-61nulled/codecanyon-25982934-hrmgo-saas-hrm-and-payroll-tool/main-file/vendor/laravel/framework/src/Illuminate/Log/LogManager.php(665): Illuminate\\Log\\LogManager->driver()
#3 /media/yash/New Volume/OFFICE/HRMS/hrmgosaas-61nulled/codecanyon-25982934-hrmgo-saas-hrm-and-payroll-tool/main-file/vendor/laravel/framework/src/Illuminate/Foundation/Exceptions/Handler.php(317): Illuminate\\Log\\LogManager->error()
#4 /media/yash/New Volume/OFFICE/HRMS/hrmgosaas-61nulled/codecanyon-25982934-hrmgo-saas-hrm-and-payroll-tool/main-file/vendor/laravel/framework/src/Illuminate/Foundation/Exceptions/Handler.php(278): Illuminate\\Foundation\\Exceptions\\Handler->reportThrowable()
#5 /media/yash/New Volume/OFFICE/HRMS/hrmgosaas-61nulled/codecanyon-25982934-hrmgo-saas-hrm-and-payroll-tool/main-file/vendor/laravel/framework/src/Illuminate/Foundation/Console/Kernel.php(523): Illuminate\\Foundation\\Exceptions\\Handler->report()
#6 /media/yash/New Volume/OFFICE/HRMS/hrmgosaas-61nulled/codecanyon-25982934-hrmgo-saas-hrm-and-payroll-tool/main-file/vendor/laravel/framework/src/Illuminate/Foundation/Console/Kernel.php(203): Illuminate\\Foundation\\Console\\Kernel->reportException()
#7 Command line code(1): Illuminate\\Foundation\\Console\\Kernel->handle()
#8 {main}
"} 
[2024-05-29 10:58:23] laravel.ERROR: Unable to load the "app" configuration file. {"exception":"[object] (Exception(code: 0): Unable to load the \"app\" configuration file. at /media/yash/New Volume/OFFICE/HRMS/hrmgosaas-61nulled/codecanyon-25982934-hrmgo-saas-hrm-and-payroll-tool/main-file/vendor/laravel/framework/src/Illuminate/Foundation/Bootstrap/LoadConfiguration.php:66)
[stacktrace]
#0 /media/yash/New Volume/OFFICE/HRMS/hrmgosaas-61nulled/codecanyon-25982934-hrmgo-saas-hrm-and-payroll-tool/main-file/vendor/laravel/framework/src/Illuminate/Foundation/Bootstrap/LoadConfiguration.php(39): Illuminate\\Foundation\\Bootstrap\\LoadConfiguration->loadConfigurationFiles()
#1 /media/yash/New Volume/OFFICE/HRMS/hrmgosaas-61nulled/codecanyon-25982934-hrmgo-saas-hrm-and-payroll-tool/main-file/vendor/laravel/framework/src/Illuminate/Foundation/Application.php(261): Illuminate\\Foundation\\Bootstrap\\LoadConfiguration->bootstrap()
#2 /media/yash/New Volume/OFFICE/HRMS/hrmgosaas-61nulled/codecanyon-25982934-hrmgo-saas-hrm-and-payroll-tool/main-file/vendor/laravel/framework/src/Illuminate/Foundation/Console/Kernel.php(447): Illuminate\\Foundation\\Application->bootstrapWith()
#3 /media/yash/New Volume/OFFICE/HRMS/hrmgosaas-61nulled/codecanyon-25982934-hrmgo-saas-hrm-and-payroll-tool/main-file/vendor/laravel/framework/src/Illuminate/Foundation/Console/Kernel.php(199): Illuminate\\Foundation\\Console\\Kernel->bootstrap()
#4 Command line code(1): Illuminate\\Foundation\\Console\\Kernel->handle()
#5 {main}
"} 
[2024-05-29 10:58:42] laravel.EMERGENCY: Unable to create configured logger. Using emergency logger. {"exception":"[object] (InvalidArgumentException(code: 0): Log [] is not defined. at /media/yash/New Volume/OFFICE/HRMS/hrmgosaas-61nulled/codecanyon-25982934-hrmgo-saas-hrm-and-payroll-tool/main-file/vendor/laravel/framework/src/Illuminate/Log/LogManager.php:212)
[stacktrace]
#0 /media/yash/New Volume/OFFICE/HRMS/hrmgosaas-61nulled/codecanyon-25982934-hrmgo-saas-hrm-and-payroll-tool/main-file/vendor/laravel/framework/src/Illuminate/Log/LogManager.php(137): Illuminate\\Log\\LogManager->resolve()
#1 /media/yash/New Volume/OFFICE/HRMS/hrmgosaas-61nulled/codecanyon-25982934-hrmgo-saas-hrm-and-payroll-tool/main-file/vendor/laravel/framework/src/Illuminate/Log/LogManager.php(124): Illuminate\\Log\\LogManager->get()
#2 /media/yash/New Volume/OFFICE/HRMS/hrmgosaas-61nulled/codecanyon-25982934-hrmgo-saas-hrm-and-payroll-tool/main-file/vendor/laravel/framework/src/Illuminate/Log/LogManager.php(665): Illuminate\\Log\\LogManager->driver()
#3 /media/yash/New Volume/OFFICE/HRMS/hrmgosaas-61nulled/codecanyon-25982934-hrmgo-saas-hrm-and-payroll-tool/main-file/vendor/laravel/framework/src/Illuminate/Foundation/Exceptions/Handler.php(317): Illuminate\\Log\\LogManager->error()
#4 /media/yash/New Volume/OFFICE/HRMS/hrmgosaas-61nulled/codecanyon-25982934-hrmgo-saas-hrm-and-payroll-tool/main-file/vendor/laravel/framework/src/Illuminate/Foundation/Exceptions/Handler.php(278): Illuminate\\Foundation\\Exceptions\\Handler->reportThrowable()
#5 /media/yash/New Volume/OFFICE/HRMS/hrmgosaas-61nulled/codecanyon-25982934-hrmgo-saas-hrm-and-payroll-tool/main-file/vendor/laravel/framework/src/Illuminate/Foundation/Console/Kernel.php(523): Illuminate\\Foundation\\Exceptions\\Handler->report()
#6 /media/yash/New Volume/OFFICE/HRMS/hrmgosaas-61nulled/codecanyon-25982934-hrmgo-saas-hrm-and-payroll-tool/main-file/vendor/laravel/framework/src/Illuminate/Foundation/Console/Kernel.php(203): Illuminate\\Foundation\\Console\\Kernel->reportException()
#7 Command line code(1): Illuminate\\Foundation\\Console\\Kernel->handle()
#8 {main}
"} 
[2024-05-29 10:58:42] laravel.EMERGENCY: Unable to create configured logger. Using emergency logger. {"exception":"[object] (InvalidArgumentException(code: 0): Log [] is not defined. at /media/yash/New Volume/OFFICE/HRMS/hrmgosaas-61nulled/codecanyon-25982934-hrmgo-saas-hrm-and-payroll-tool/main-file/vendor/laravel/framework/src/Illuminate/Log/LogManager.php:212)
[stacktrace]
#0 /media/yash/New Volume/OFFICE/HRMS/hrmgosaas-61nulled/codecanyon-25982934-hrmgo-saas-hrm-and-payroll-tool/main-file/vendor/laravel/framework/src/Illuminate/Log/LogManager.php(137): Illuminate\\Log\\LogManager->resolve()
#1 /media/yash/New Volume/OFFICE/HRMS/hrmgosaas-61nulled/codecanyon-25982934-hrmgo-saas-hrm-and-payroll-tool/main-file/vendor/laravel/framework/src/Illuminate/Log/LogManager.php(124): Illuminate\\Log\\LogManager->get()
#2 /media/yash/New Volume/OFFICE/HRMS/hrmgosaas-61nulled/codecanyon-25982934-hrmgo-saas-hrm-and-payroll-tool/main-file/vendor/laravel/framework/src/Illuminate/Log/LogManager.php(665): Illuminate\\Log\\LogManager->driver()
#3 /media/yash/New Volume/OFFICE/HRMS/hrmgosaas-61nulled/codecanyon-25982934-hrmgo-saas-hrm-and-payroll-tool/main-file/vendor/laravel/framework/src/Illuminate/Foundation/Exceptions/Handler.php(317): Illuminate\\Log\\LogManager->error()
#4 /media/yash/New Volume/OFFICE/HRMS/hrmgosaas-61nulled/codecanyon-25982934-hrmgo-saas-hrm-and-payroll-tool/main-file/vendor/laravel/framework/src/Illuminate/Foundation/Exceptions/Handler.php(278): Illuminate\\Foundation\\Exceptions\\Handler->reportThrowable()
#5 /media/yash/New Volume/OFFICE/HRMS/hrmgosaas-61nulled/codecanyon-25982934-hrmgo-saas-hrm-and-payroll-tool/main-file/vendor/laravel/framework/src/Illuminate/Foundation/Console/Kernel.php(523): Illuminate\\Foundation\\Exceptions\\Handler->report()
#6 /media/yash/New Volume/OFFICE/HRMS/hrmgosaas-61nulled/codecanyon-25982934-hrmgo-saas-hrm-and-payroll-tool/main-file/vendor/laravel/framework/src/Illuminate/Foundation/Console/Kernel.php(203): Illuminate\\Foundation\\Console\\Kernel->reportException()
#7 Command line code(1): Illuminate\\Foundation\\Console\\Kernel->handle()
#8 {main}
"} 
[2024-05-29 10:58:42] laravel.ERROR: Unable to load the "app" configuration file. {"exception":"[object] (Exception(code: 0): Unable to load the \"app\" configuration file. at /media/yash/New Volume/OFFICE/HRMS/hrmgosaas-61nulled/codecanyon-25982934-hrmgo-saas-hrm-and-payroll-tool/main-file/vendor/laravel/framework/src/Illuminate/Foundation/Bootstrap/LoadConfiguration.php:66)
[stacktrace]
#0 /media/yash/New Volume/OFFICE/HRMS/hrmgosaas-61nulled/codecanyon-25982934-hrmgo-saas-hrm-and-payroll-tool/main-file/vendor/laravel/framework/src/Illuminate/Foundation/Bootstrap/LoadConfiguration.php(39): Illuminate\\Foundation\\Bootstrap\\LoadConfiguration->loadConfigurationFiles()
#1 /media/yash/New Volume/OFFICE/HRMS/hrmgosaas-61nulled/codecanyon-25982934-hrmgo-saas-hrm-and-payroll-tool/main-file/vendor/laravel/framework/src/Illuminate/Foundation/Application.php(261): Illuminate\\Foundation\\Bootstrap\\LoadConfiguration->bootstrap()
#2 /media/yash/New Volume/OFFICE/HRMS/hrmgosaas-61nulled/codecanyon-25982934-hrmgo-saas-hrm-and-payroll-tool/main-file/vendor/laravel/framework/src/Illuminate/Foundation/Console/Kernel.php(447): Illuminate\\Foundation\\Application->bootstrapWith()
#3 /media/yash/New Volume/OFFICE/HRMS/hrmgosaas-61nulled/codecanyon-25982934-hrmgo-saas-hrm-and-payroll-tool/main-file/vendor/laravel/framework/src/Illuminate/Foundation/Console/Kernel.php(199): Illuminate\\Foundation\\Console\\Kernel->bootstrap()
#4 Command line code(1): Illuminate\\Foundation\\Console\\Kernel->handle()
#5 {main}
"} 
[2024-05-29 10:58:42] laravel.ERROR: Unable to load the "app" configuration file. {"exception":"[object] (Exception(code: 0): Unable to load the \"app\" configuration file. at /media/yash/New Volume/OFFICE/HRMS/hrmgosaas-61nulled/codecanyon-25982934-hrmgo-saas-hrm-and-payroll-tool/main-file/vendor/laravel/framework/src/Illuminate/Foundation/Bootstrap/LoadConfiguration.php:66)
[stacktrace]
#0 /media/yash/New Volume/OFFICE/HRMS/hrmgosaas-61nulled/codecanyon-25982934-hrmgo-saas-hrm-and-payroll-tool/main-file/vendor/laravel/framework/src/Illuminate/Foundation/Bootstrap/LoadConfiguration.php(39): Illuminate\\Foundation\\Bootstrap\\LoadConfiguration->loadConfigurationFiles()
#1 /media/yash/New Volume/OFFICE/HRMS/hrmgosaas-61nulled/codecanyon-25982934-hrmgo-saas-hrm-and-payroll-tool/main-file/vendor/laravel/framework/src/Illuminate/Foundation/Application.php(261): Illuminate\\Foundation\\Bootstrap\\LoadConfiguration->bootstrap()
#2 /media/yash/New Volume/OFFICE/HRMS/hrmgosaas-61nulled/codecanyon-25982934-hrmgo-saas-hrm-and-payroll-tool/main-file/vendor/laravel/framework/src/Illuminate/Foundation/Console/Kernel.php(447): Illuminate\\Foundation\\Application->bootstrapWith()
#3 /media/yash/New Volume/OFFICE/HRMS/hrmgosaas-61nulled/codecanyon-25982934-hrmgo-saas-hrm-and-payroll-tool/main-file/vendor/laravel/framework/src/Illuminate/Foundation/Console/Kernel.php(199): Illuminate\\Foundation\\Console\\Kernel->bootstrap()
#4 Command line code(1): Illuminate\\Foundation\\Console\\Kernel->handle()
#5 {main}
"} 
[2024-05-29 10:59:42] laravel.EMERGENCY: Unable to create configured logger. Using emergency logger. {"exception":"[object] (InvalidArgumentException(code: 0): Log [] is not defined. at /media/yash/New Volume/OFFICE/HRMS/hrmgosaas-61nulled/codecanyon-25982934-hrmgo-saas-hrm-and-payroll-tool/main-file/vendor/laravel/framework/src/Illuminate/Log/LogManager.php:212)
[stacktrace]
#0 /media/yash/New Volume/OFFICE/HRMS/hrmgosaas-61nulled/codecanyon-25982934-hrmgo-saas-hrm-and-payroll-tool/main-file/vendor/laravel/framework/src/Illuminate/Log/LogManager.php(137): Illuminate\\Log\\LogManager->resolve()
#1 /media/yash/New Volume/OFFICE/HRMS/hrmgosaas-61nulled/codecanyon-25982934-hrmgo-saas-hrm-and-payroll-tool/main-file/vendor/laravel/framework/src/Illuminate/Log/LogManager.php(124): Illuminate\\Log\\LogManager->get()
#2 /media/yash/New Volume/OFFICE/HRMS/hrmgosaas-61nulled/codecanyon-25982934-hrmgo-saas-hrm-and-payroll-tool/main-file/vendor/laravel/framework/src/Illuminate/Log/LogManager.php(665): Illuminate\\Log\\LogManager->driver()
#3 /media/yash/New Volume/OFFICE/HRMS/hrmgosaas-61nulled/codecanyon-25982934-hrmgo-saas-hrm-and-payroll-tool/main-file/vendor/laravel/framework/src/Illuminate/Foundation/Exceptions/Handler.php(317): Illuminate\\Log\\LogManager->error()
#4 /media/yash/New Volume/OFFICE/HRMS/hrmgosaas-61nulled/codecanyon-25982934-hrmgo-saas-hrm-and-payroll-tool/main-file/vendor/laravel/framework/src/Illuminate/Foundation/Exceptions/Handler.php(278): Illuminate\\Foundation\\Exceptions\\Handler->reportThrowable()
#5 /media/yash/New Volume/OFFICE/HRMS/hrmgosaas-61nulled/codecanyon-25982934-hrmgo-saas-hrm-and-payroll-tool/main-file/vendor/laravel/framework/src/Illuminate/Foundation/Console/Kernel.php(523): Illuminate\\Foundation\\Exceptions\\Handler->report()
#6 /media/yash/New Volume/OFFICE/HRMS/hrmgosaas-61nulled/codecanyon-25982934-hrmgo-saas-hrm-and-payroll-tool/main-file/vendor/laravel/framework/src/Illuminate/Foundation/Console/Kernel.php(203): Illuminate\\Foundation\\Console\\Kernel->reportException()
#7 Command line code(1): Illuminate\\Foundation\\Console\\Kernel->handle()
#8 {main}
"} 
[2024-05-29 10:59:42] laravel.EMERGENCY: Unable to create configured logger. Using emergency logger. {"exception":"[object] (InvalidArgumentException(code: 0): Log [] is not defined. at /media/yash/New Volume/OFFICE/HRMS/hrmgosaas-61nulled/codecanyon-25982934-hrmgo-saas-hrm-and-payroll-tool/main-file/vendor/laravel/framework/src/Illuminate/Log/LogManager.php:212)
[stacktrace]
#0 /media/yash/New Volume/OFFICE/HRMS/hrmgosaas-61nulled/codecanyon-25982934-hrmgo-saas-hrm-and-payroll-tool/main-file/vendor/laravel/framework/src/Illuminate/Log/LogManager.php(137): Illuminate\\Log\\LogManager->resolve()
#1 /media/yash/New Volume/OFFICE/HRMS/hrmgosaas-61nulled/codecanyon-25982934-hrmgo-saas-hrm-and-payroll-tool/main-file/vendor/laravel/framework/src/Illuminate/Log/LogManager.php(124): Illuminate\\Log\\LogManager->get()
#2 /media/yash/New Volume/OFFICE/HRMS/hrmgosaas-61nulled/codecanyon-25982934-hrmgo-saas-hrm-and-payroll-tool/main-file/vendor/laravel/framework/src/Illuminate/Log/LogManager.php(665): Illuminate\\Log\\LogManager->driver()
#3 /media/yash/New Volume/OFFICE/HRMS/hrmgosaas-61nulled/codecanyon-25982934-hrmgo-saas-hrm-and-payroll-tool/main-file/vendor/laravel/framework/src/Illuminate/Foundation/Exceptions/Handler.php(317): Illuminate\\Log\\LogManager->error()
#4 /media/yash/New Volume/OFFICE/HRMS/hrmgosaas-61nulled/codecanyon-25982934-hrmgo-saas-hrm-and-payroll-tool/main-file/vendor/laravel/framework/src/Illuminate/Foundation/Exceptions/Handler.php(278): Illuminate\\Foundation\\Exceptions\\Handler->reportThrowable()
#5 /media/yash/New Volume/OFFICE/HRMS/hrmgosaas-61nulled/codecanyon-25982934-hrmgo-saas-hrm-and-payroll-tool/main-file/vendor/laravel/framework/src/Illuminate/Foundation/Console/Kernel.php(523): Illuminate\\Foundation\\Exceptions\\Handler->report()
#6 /media/yash/New Volume/OFFICE/HRMS/hrmgosaas-61nulled/codecanyon-25982934-hrmgo-saas-hrm-and-payroll-tool/main-file/vendor/laravel/framework/src/Illuminate/Foundation/Console/Kernel.php(203): Illuminate\\Foundation\\Console\\Kernel->reportException()
#7 Command line code(1): Illuminate\\Foundation\\Console\\Kernel->handle()
#8 {main}
"} 
[2024-05-29 10:59:42] laravel.ERROR: Unable to load the "app" configuration file. {"exception":"[object] (Exception(code: 0): Unable to load the \"app\" configuration file. at /media/yash/New Volume/OFFICE/HRMS/hrmgosaas-61nulled/codecanyon-25982934-hrmgo-saas-hrm-and-payroll-tool/main-file/vendor/laravel/framework/src/Illuminate/Foundation/Bootstrap/LoadConfiguration.php:66)
[stacktrace]
#0 /media/yash/New Volume/OFFICE/HRMS/hrmgosaas-61nulled/codecanyon-25982934-hrmgo-saas-hrm-and-payroll-tool/main-file/vendor/laravel/framework/src/Illuminate/Foundation/Bootstrap/LoadConfiguration.php(39): Illuminate\\Foundation\\Bootstrap\\LoadConfiguration->loadConfigurationFiles()
#1 /media/yash/New Volume/OFFICE/HRMS/hrmgosaas-61nulled/codecanyon-25982934-hrmgo-saas-hrm-and-payroll-tool/main-file/vendor/laravel/framework/src/Illuminate/Foundation/Application.php(261): Illuminate\\Foundation\\Bootstrap\\LoadConfiguration->bootstrap()
#2 /media/yash/New Volume/OFFICE/HRMS/hrmgosaas-61nulled/codecanyon-25982934-hrmgo-saas-hrm-and-payroll-tool/main-file/vendor/laravel/framework/src/Illuminate/Foundation/Console/Kernel.php(447): Illuminate\\Foundation\\Application->bootstrapWith()
#3 /media/yash/New Volume/OFFICE/HRMS/hrmgosaas-61nulled/codecanyon-25982934-hrmgo-saas-hrm-and-payroll-tool/main-file/vendor/laravel/framework/src/Illuminate/Foundation/Console/Kernel.php(199): Illuminate\\Foundation\\Console\\Kernel->bootstrap()
#4 Command line code(1): Illuminate\\Foundation\\Console\\Kernel->handle()
#5 {main}
"} 
[2024-05-29 10:59:42] laravel.ERROR: Unable to load the "app" configuration file. {"exception":"[object] (Exception(code: 0): Unable to load the \"app\" configuration file. at /media/yash/New Volume/OFFICE/HRMS/hrmgosaas-61nulled/codecanyon-25982934-hrmgo-saas-hrm-and-payroll-tool/main-file/vendor/laravel/framework/src/Illuminate/Foundation/Bootstrap/LoadConfiguration.php:66)
[stacktrace]
#0 /media/yash/New Volume/OFFICE/HRMS/hrmgosaas-61nulled/codecanyon-25982934-hrmgo-saas-hrm-and-payroll-tool/main-file/vendor/laravel/framework/src/Illuminate/Foundation/Bootstrap/LoadConfiguration.php(39): Illuminate\\Foundation\\Bootstrap\\LoadConfiguration->loadConfigurationFiles()
#1 /media/yash/New Volume/OFFICE/HRMS/hrmgosaas-61nulled/codecanyon-25982934-hrmgo-saas-hrm-and-payroll-tool/main-file/vendor/laravel/framework/src/Illuminate/Foundation/Application.php(261): Illuminate\\Foundation\\Bootstrap\\LoadConfiguration->bootstrap()
#2 /media/yash/New Volume/OFFICE/HRMS/hrmgosaas-61nulled/codecanyon-25982934-hrmgo-saas-hrm-and-payroll-tool/main-file/vendor/laravel/framework/src/Illuminate/Foundation/Console/Kernel.php(447): Illuminate\\Foundation\\Application->bootstrapWith()
#3 /media/yash/New Volume/OFFICE/HRMS/hrmgosaas-61nulled/codecanyon-25982934-hrmgo-saas-hrm-and-payroll-tool/main-file/vendor/laravel/framework/src/Illuminate/Foundation/Console/Kernel.php(199): Illuminate\\Foundation\\Console\\Kernel->bootstrap()
#4 Command line code(1): Illuminate\\Foundation\\Console\\Kernel->handle()
#5 {main}
"} 
[2024-05-29 11:00:42] laravel.EMERGENCY: Unable to create configured logger. Using emergency logger. {"exception":"[object] (InvalidArgumentException(code: 0): Log [] is not defined. at /media/yash/New Volume/OFFICE/HRMS/hrmgosaas-61nulled/codecanyon-25982934-hrmgo-saas-hrm-and-payroll-tool/main-file/vendor/laravel/framework/src/Illuminate/Log/LogManager.php:212)
[stacktrace]
#0 /media/yash/New Volume/OFFICE/HRMS/hrmgosaas-61nulled/codecanyon-25982934-hrmgo-saas-hrm-and-payroll-tool/main-file/vendor/laravel/framework/src/Illuminate/Log/LogManager.php(137): Illuminate\\Log\\LogManager->resolve()
#1 /media/yash/New Volume/OFFICE/HRMS/hrmgosaas-61nulled/codecanyon-25982934-hrmgo-saas-hrm-and-payroll-tool/main-file/vendor/laravel/framework/src/Illuminate/Log/LogManager.php(124): Illuminate\\Log\\LogManager->get()
#2 /media/yash/New Volume/OFFICE/HRMS/hrmgosaas-61nulled/codecanyon-25982934-hrmgo-saas-hrm-and-payroll-tool/main-file/vendor/laravel/framework/src/Illuminate/Log/LogManager.php(665): Illuminate\\Log\\LogManager->driver()
#3 /media/yash/New Volume/OFFICE/HRMS/hrmgosaas-61nulled/codecanyon-25982934-hrmgo-saas-hrm-and-payroll-tool/main-file/vendor/laravel/framework/src/Illuminate/Foundation/Exceptions/Handler.php(317): Illuminate\\Log\\LogManager->error()
#4 /media/yash/New Volume/OFFICE/HRMS/hrmgosaas-61nulled/codecanyon-25982934-hrmgo-saas-hrm-and-payroll-tool/main-file/vendor/laravel/framework/src/Illuminate/Foundation/Exceptions/Handler.php(278): Illuminate\\Foundation\\Exceptions\\Handler->reportThrowable()
#5 /media/yash/New Volume/OFFICE/HRMS/hrmgosaas-61nulled/codecanyon-25982934-hrmgo-saas-hrm-and-payroll-tool/main-file/vendor/laravel/framework/src/Illuminate/Foundation/Console/Kernel.php(523): Illuminate\\Foundation\\Exceptions\\Handler->report()
#6 /media/yash/New Volume/OFFICE/HRMS/hrmgosaas-61nulled/codecanyon-25982934-hrmgo-saas-hrm-and-payroll-tool/main-file/vendor/laravel/framework/src/Illuminate/Foundation/Console/Kernel.php(203): Illuminate\\Foundation\\Console\\Kernel->reportException()
#7 Command line code(1): Illuminate\\Foundation\\Console\\Kernel->handle()
#8 {main}
"} 
[2024-05-29 11:00:42] laravel.EMERGENCY: Unable to create configured logger. Using emergency logger. {"exception":"[object] (InvalidArgumentException(code: 0): Log [] is not defined. at /media/yash/New Volume/OFFICE/HRMS/hrmgosaas-61nulled/codecanyon-25982934-hrmgo-saas-hrm-and-payroll-tool/main-file/vendor/laravel/framework/src/Illuminate/Log/LogManager.php:212)
[stacktrace]
#0 /media/yash/New Volume/OFFICE/HRMS/hrmgosaas-61nulled/codecanyon-25982934-hrmgo-saas-hrm-and-payroll-tool/main-file/vendor/laravel/framework/src/Illuminate/Log/LogManager.php(137): Illuminate\\Log\\LogManager->resolve()
#1 /media/yash/New Volume/OFFICE/HRMS/hrmgosaas-61nulled/codecanyon-25982934-hrmgo-saas-hrm-and-payroll-tool/main-file/vendor/laravel/framework/src/Illuminate/Log/LogManager.php(124): Illuminate\\Log\\LogManager->get()
#2 /media/yash/New Volume/OFFICE/HRMS/hrmgosaas-61nulled/codecanyon-25982934-hrmgo-saas-hrm-and-payroll-tool/main-file/vendor/laravel/framework/src/Illuminate/Log/LogManager.php(665): Illuminate\\Log\\LogManager->driver()
#3 /media/yash/New Volume/OFFICE/HRMS/hrmgosaas-61nulled/codecanyon-25982934-hrmgo-saas-hrm-and-payroll-tool/main-file/vendor/laravel/framework/src/Illuminate/Foundation/Exceptions/Handler.php(317): Illuminate\\Log\\LogManager->error()
#4 /media/yash/New Volume/OFFICE/HRMS/hrmgosaas-61nulled/codecanyon-25982934-hrmgo-saas-hrm-and-payroll-tool/main-file/vendor/laravel/framework/src/Illuminate/Foundation/Exceptions/Handler.php(278): Illuminate\\Foundation\\Exceptions\\Handler->reportThrowable()
#5 /media/yash/New Volume/OFFICE/HRMS/hrmgosaas-61nulled/codecanyon-25982934-hrmgo-saas-hrm-and-payroll-tool/main-file/vendor/laravel/framework/src/Illuminate/Foundation/Console/Kernel.php(523): Illuminate\\Foundation\\Exceptions\\Handler->report()
#6 /media/yash/New Volume/OFFICE/HRMS/hrmgosaas-61nulled/codecanyon-25982934-hrmgo-saas-hrm-and-payroll-tool/main-file/vendor/laravel/framework/src/Illuminate/Foundation/Console/Kernel.php(203): Illuminate\\Foundation\\Console\\Kernel->reportException()
#7 Command line code(1): Illuminate\\Foundation\\Console\\Kernel->handle()
#8 {main}
"} 
[2024-05-29 11:00:42] laravel.ERROR: Unable to load the "app" configuration file. {"exception":"[object] (Exception(code: 0): Unable to load the \"app\" configuration file. at /media/yash/New Volume/OFFICE/HRMS/hrmgosaas-61nulled/codecanyon-25982934-hrmgo-saas-hrm-and-payroll-tool/main-file/vendor/laravel/framework/src/Illuminate/Foundation/Bootstrap/LoadConfiguration.php:66)
[stacktrace]
#0 /media/yash/New Volume/OFFICE/HRMS/hrmgosaas-61nulled/codecanyon-25982934-hrmgo-saas-hrm-and-payroll-tool/main-file/vendor/laravel/framework/src/Illuminate/Foundation/Bootstrap/LoadConfiguration.php(39): Illuminate\\Foundation\\Bootstrap\\LoadConfiguration->loadConfigurationFiles()
#1 /media/yash/New Volume/OFFICE/HRMS/hrmgosaas-61nulled/codecanyon-25982934-hrmgo-saas-hrm-and-payroll-tool/main-file/vendor/laravel/framework/src/Illuminate/Foundation/Application.php(261): Illuminate\\Foundation\\Bootstrap\\LoadConfiguration->bootstrap()
#2 /media/yash/New Volume/OFFICE/HRMS/hrmgosaas-61nulled/codecanyon-25982934-hrmgo-saas-hrm-and-payroll-tool/main-file/vendor/laravel/framework/src/Illuminate/Foundation/Console/Kernel.php(447): Illuminate\\Foundation\\Application->bootstrapWith()
#3 /media/yash/New Volume/OFFICE/HRMS/hrmgosaas-61nulled/codecanyon-25982934-hrmgo-saas-hrm-and-payroll-tool/main-file/vendor/laravel/framework/src/Illuminate/Foundation/Console/Kernel.php(199): Illuminate\\Foundation\\Console\\Kernel->bootstrap()
#4 Command line code(1): Illuminate\\Foundation\\Console\\Kernel->handle()
#5 {main}
"} 
[2024-05-29 11:00:42] laravel.ERROR: Unable to load the "app" configuration file. {"exception":"[object] (Exception(code: 0): Unable to load the \"app\" configuration file. at /media/yash/New Volume/OFFICE/HRMS/hrmgosaas-61nulled/codecanyon-25982934-hrmgo-saas-hrm-and-payroll-tool/main-file/vendor/laravel/framework/src/Illuminate/Foundation/Bootstrap/LoadConfiguration.php:66)
[stacktrace]
#0 /media/yash/New Volume/OFFICE/HRMS/hrmgosaas-61nulled/codecanyon-25982934-hrmgo-saas-hrm-and-payroll-tool/main-file/vendor/laravel/framework/src/Illuminate/Foundation/Bootstrap/LoadConfiguration.php(39): Illuminate\\Foundation\\Bootstrap\\LoadConfiguration->loadConfigurationFiles()
#1 /media/yash/New Volume/OFFICE/HRMS/hrmgosaas-61nulled/codecanyon-25982934-hrmgo-saas-hrm-and-payroll-tool/main-file/vendor/laravel/framework/src/Illuminate/Foundation/Application.php(261): Illuminate\\Foundation\\Bootstrap\\LoadConfiguration->bootstrap()
#2 /media/yash/New Volume/OFFICE/HRMS/hrmgosaas-61nulled/codecanyon-25982934-hrmgo-saas-hrm-and-payroll-tool/main-file/vendor/laravel/framework/src/Illuminate/Foundation/Console/Kernel.php(447): Illuminate\\Foundation\\Application->bootstrapWith()
#3 /media/yash/New Volume/OFFICE/HRMS/hrmgosaas-61nulled/codecanyon-25982934-hrmgo-saas-hrm-and-payroll-tool/main-file/vendor/laravel/framework/src/Illuminate/Foundation/Console/Kernel.php(199): Illuminate\\Foundation\\Console\\Kernel->bootstrap()
#4 Command line code(1): Illuminate\\Foundation\\Console\\Kernel->handle()
#5 {main}
"} 
[2024-05-29 11:01:42] laravel.EMERGENCY: Unable to create configured logger. Using emergency logger. {"exception":"[object] (InvalidArgumentException(code: 0): Log [] is not defined. at /media/yash/New Volume/OFFICE/HRMS/hrmgosaas-61nulled/codecanyon-25982934-hrmgo-saas-hrm-and-payroll-tool/main-file/vendor/laravel/framework/src/Illuminate/Log/LogManager.php:212)
[stacktrace]
#0 /media/yash/New Volume/OFFICE/HRMS/hrmgosaas-61nulled/codecanyon-25982934-hrmgo-saas-hrm-and-payroll-tool/main-file/vendor/laravel/framework/src/Illuminate/Log/LogManager.php(137): Illuminate\\Log\\LogManager->resolve()
#1 /media/yash/New Volume/OFFICE/HRMS/hrmgosaas-61nulled/codecanyon-25982934-hrmgo-saas-hrm-and-payroll-tool/main-file/vendor/laravel/framework/src/Illuminate/Log/LogManager.php(124): Illuminate\\Log\\LogManager->get()
#2 /media/yash/New Volume/OFFICE/HRMS/hrmgosaas-61nulled/codecanyon-25982934-hrmgo-saas-hrm-and-payroll-tool/main-file/vendor/laravel/framework/src/Illuminate/Log/LogManager.php(665): Illuminate\\Log\\LogManager->driver()
#3 /media/yash/New Volume/OFFICE/HRMS/hrmgosaas-61nulled/codecanyon-25982934-hrmgo-saas-hrm-and-payroll-tool/main-file/vendor/laravel/framework/src/Illuminate/Foundation/Exceptions/Handler.php(317): Illuminate\\Log\\LogManager->error()
#4 /media/yash/New Volume/OFFICE/HRMS/hrmgosaas-61nulled/codecanyon-25982934-hrmgo-saas-hrm-and-payroll-tool/main-file/vendor/laravel/framework/src/Illuminate/Foundation/Exceptions/Handler.php(278): Illuminate\\Foundation\\Exceptions\\Handler->reportThrowable()
#5 /media/yash/New Volume/OFFICE/HRMS/hrmgosaas-61nulled/codecanyon-25982934-hrmgo-saas-hrm-and-payroll-tool/main-file/vendor/laravel/framework/src/Illuminate/Foundation/Console/Kernel.php(523): Illuminate\\Foundation\\Exceptions\\Handler->report()
#6 /media/yash/New Volume/OFFICE/HRMS/hrmgosaas-61nulled/codecanyon-25982934-hrmgo-saas-hrm-and-payroll-tool/main-file/vendor/laravel/framework/src/Illuminate/Foundation/Console/Kernel.php(203): Illuminate\\Foundation\\Console\\Kernel->reportException()
#7 Command line code(1): Illuminate\\Foundation\\Console\\Kernel->handle()
#8 {main}
"} 
[2024-05-29 11:01:42] laravel.ERROR: Unable to load the "app" configuration file. {"exception":"[object] (Exception(code: 0): Unable to load the \"app\" configuration file. at /media/yash/New Volume/OFFICE/HRMS/hrmgosaas-61nulled/codecanyon-25982934-hrmgo-saas-hrm-and-payroll-tool/main-file/vendor/laravel/framework/src/Illuminate/Foundation/Bootstrap/LoadConfiguration.php:66)
[stacktrace]
#0 /media/yash/New Volume/OFFICE/HRMS/hrmgosaas-61nulled/codecanyon-25982934-hrmgo-saas-hrm-and-payroll-tool/main-file/vendor/laravel/framework/src/Illuminate/Foundation/Bootstrap/LoadConfiguration.php(39): Illuminate\\Foundation\\Bootstrap\\LoadConfiguration->loadConfigurationFiles()
#1 /media/yash/New Volume/OFFICE/HRMS/hrmgosaas-61nulled/codecanyon-25982934-hrmgo-saas-hrm-and-payroll-tool/main-file/vendor/laravel/framework/src/Illuminate/Foundation/Application.php(261): Illuminate\\Foundation\\Bootstrap\\LoadConfiguration->bootstrap()
#2 /media/yash/New Volume/OFFICE/HRMS/hrmgosaas-61nulled/codecanyon-25982934-hrmgo-saas-hrm-and-payroll-tool/main-file/vendor/laravel/framework/src/Illuminate/Foundation/Console/Kernel.php(447): Illuminate\\Foundation\\Application->bootstrapWith()
#3 /media/yash/New Volume/OFFICE/HRMS/hrmgosaas-61nulled/codecanyon-25982934-hrmgo-saas-hrm-and-payroll-tool/main-file/vendor/laravel/framework/src/Illuminate/Foundation/Console/Kernel.php(199): Illuminate\\Foundation\\Console\\Kernel->bootstrap()
#4 Command line code(1): Illuminate\\Foundation\\Console\\Kernel->handle()
#5 {main}
"} 
[2024-05-29 11:01:42] laravel.EMERGENCY: Unable to create configured logger. Using emergency logger. {"exception":"[object] (InvalidArgumentException(code: 0): Log [] is not defined. at /media/yash/New Volume/OFFICE/HRMS/hrmgosaas-61nulled/codecanyon-25982934-hrmgo-saas-hrm-and-payroll-tool/main-file/vendor/laravel/framework/src/Illuminate/Log/LogManager.php:212)
[stacktrace]
#0 /media/yash/New Volume/OFFICE/HRMS/hrmgosaas-61nulled/codecanyon-25982934-hrmgo-saas-hrm-and-payroll-tool/main-file/vendor/laravel/framework/src/Illuminate/Log/LogManager.php(137): Illuminate\\Log\\LogManager->resolve()
#1 /media/yash/New Volume/OFFICE/HRMS/hrmgosaas-61nulled/codecanyon-25982934-hrmgo-saas-hrm-and-payroll-tool/main-file/vendor/laravel/framework/src/Illuminate/Log/LogManager.php(124): Illuminate\\Log\\LogManager->get()
#2 /media/yash/New Volume/OFFICE/HRMS/hrmgosaas-61nulled/codecanyon-25982934-hrmgo-saas-hrm-and-payroll-tool/main-file/vendor/laravel/framework/src/Illuminate/Log/LogManager.php(665): Illuminate\\Log\\LogManager->driver()
#3 /media/yash/New Volume/OFFICE/HRMS/hrmgosaas-61nulled/codecanyon-25982934-hrmgo-saas-hrm-and-payroll-tool/main-file/vendor/laravel/framework/src/Illuminate/Foundation/Exceptions/Handler.php(317): Illuminate\\Log\\LogManager->error()
#4 /media/yash/New Volume/OFFICE/HRMS/hrmgosaas-61nulled/codecanyon-25982934-hrmgo-saas-hrm-and-payroll-tool/main-file/vendor/laravel/framework/src/Illuminate/Foundation/Exceptions/Handler.php(278): Illuminate\\Foundation\\Exceptions\\Handler->reportThrowable()
#5 /media/yash/New Volume/OFFICE/HRMS/hrmgosaas-61nulled/codecanyon-25982934-hrmgo-saas-hrm-and-payroll-tool/main-file/vendor/laravel/framework/src/Illuminate/Foundation/Console/Kernel.php(523): Illuminate\\Foundation\\Exceptions\\Handler->report()
#6 /media/yash/New Volume/OFFICE/HRMS/hrmgosaas-61nulled/codecanyon-25982934-hrmgo-saas-hrm-and-payroll-tool/main-file/vendor/laravel/framework/src/Illuminate/Foundation/Console/Kernel.php(203): Illuminate\\Foundation\\Console\\Kernel->reportException()
#7 Command line code(1): Illuminate\\Foundation\\Console\\Kernel->handle()
#8 {main}
"} 
[2024-05-29 11:01:42] laravel.ERROR: Unable to load the "app" configuration file. {"exception":"[object] (Exception(code: 0): Unable to load the \"app\" configuration file. at /media/yash/New Volume/OFFICE/HRMS/hrmgosaas-61nulled/codecanyon-25982934-hrmgo-saas-hrm-and-payroll-tool/main-file/vendor/laravel/framework/src/Illuminate/Foundation/Bootstrap/LoadConfiguration.php:66)
[stacktrace]
#0 /media/yash/New Volume/OFFICE/HRMS/hrmgosaas-61nulled/codecanyon-25982934-hrmgo-saas-hrm-and-payroll-tool/main-file/vendor/laravel/framework/src/Illuminate/Foundation/Bootstrap/LoadConfiguration.php(39): Illuminate\\Foundation\\Bootstrap\\LoadConfiguration->loadConfigurationFiles()
#1 /media/yash/New Volume/OFFICE/HRMS/hrmgosaas-61nulled/codecanyon-25982934-hrmgo-saas-hrm-and-payroll-tool/main-file/vendor/laravel/framework/src/Illuminate/Foundation/Application.php(261): Illuminate\\Foundation\\Bootstrap\\LoadConfiguration->bootstrap()
#2 /media/yash/New Volume/OFFICE/HRMS/hrmgosaas-61nulled/codecanyon-25982934-hrmgo-saas-hrm-and-payroll-tool/main-file/vendor/laravel/framework/src/Illuminate/Foundation/Console/Kernel.php(447): Illuminate\\Foundation\\Application->bootstrapWith()
#3 /media/yash/New Volume/OFFICE/HRMS/hrmgosaas-61nulled/codecanyon-25982934-hrmgo-saas-hrm-and-payroll-tool/main-file/vendor/laravel/framework/src/Illuminate/Foundation/Console/Kernel.php(199): Illuminate\\Foundation\\Console\\Kernel->bootstrap()
#4 Command line code(1): Illuminate\\Foundation\\Console\\Kernel->handle()
#5 {main}
"} 
[2024-05-29 11:02:01] laravel.EMERGENCY: Unable to create configured logger. Using emergency logger. {"exception":"[object] (InvalidArgumentException(code: 0): Log [] is not defined. at /media/yash/New Volume/OFFICE/HRMS/hrmgosaas-61nulled/codecanyon-25982934-hrmgo-saas-hrm-and-payroll-tool/main-file/vendor/laravel/framework/src/Illuminate/Log/LogManager.php:212)
[stacktrace]
#0 /media/yash/New Volume/OFFICE/HRMS/hrmgosaas-61nulled/codecanyon-25982934-hrmgo-saas-hrm-and-payroll-tool/main-file/vendor/laravel/framework/src/Illuminate/Log/LogManager.php(137): Illuminate\\Log\\LogManager->resolve()
#1 /media/yash/New Volume/OFFICE/HRMS/hrmgosaas-61nulled/codecanyon-25982934-hrmgo-saas-hrm-and-payroll-tool/main-file/vendor/laravel/framework/src/Illuminate/Log/LogManager.php(124): Illuminate\\Log\\LogManager->get()
#2 /media/yash/New Volume/OFFICE/HRMS/hrmgosaas-61nulled/codecanyon-25982934-hrmgo-saas-hrm-and-payroll-tool/main-file/vendor/laravel/framework/src/Illuminate/Log/LogManager.php(665): Illuminate\\Log\\LogManager->driver()
#3 /media/yash/New Volume/OFFICE/HRMS/hrmgosaas-61nulled/codecanyon-25982934-hrmgo-saas-hrm-and-payroll-tool/main-file/vendor/laravel/framework/src/Illuminate/Foundation/Exceptions/Handler.php(317): Illuminate\\Log\\LogManager->error()
#4 /media/yash/New Volume/OFFICE/HRMS/hrmgosaas-61nulled/codecanyon-25982934-hrmgo-saas-hrm-and-payroll-tool/main-file/vendor/laravel/framework/src/Illuminate/Foundation/Exceptions/Handler.php(278): Illuminate\\Foundation\\Exceptions\\Handler->reportThrowable()
#5 /media/yash/New Volume/OFFICE/HRMS/hrmgosaas-61nulled/codecanyon-25982934-hrmgo-saas-hrm-and-payroll-tool/main-file/vendor/laravel/framework/src/Illuminate/Foundation/Http/Kernel.php(497): Illuminate\\Foundation\\Exceptions\\Handler->report()
#6 /media/yash/New Volume/OFFICE/HRMS/hrmgosaas-61nulled/codecanyon-25982934-hrmgo-saas-hrm-and-payroll-tool/main-file/vendor/laravel/framework/src/Illuminate/Foundation/Http/Kernel.php(146): Illuminate\\Foundation\\Http\\Kernel->reportException()
#7 /media/yash/New Volume/OFFICE/HRMS/hrmgosaas-61nulled/codecanyon-25982934-hrmgo-saas-hrm-and-payroll-tool/main-file/public/index.php(51): Illuminate\\Foundation\\Http\\Kernel->handle()
#8 /media/yash/New Volume/OFFICE/HRMS/hrmgosaas-61nulled/codecanyon-25982934-hrmgo-saas-hrm-and-payroll-tool/main-file/vendor/laravel/framework/src/Illuminate/Foundation/resources/server.php(16): require_once('...')
#9 {main}
"} 
[2024-05-29 11:02:01] laravel.ERROR: Unable to load the "app" configuration file. {"exception":"[object] (Exception(code: 0): Unable to load the \"app\" configuration file. at /media/yash/New Volume/OFFICE/HRMS/hrmgosaas-61nulled/codecanyon-25982934-hrmgo-saas-hrm-and-payroll-tool/main-file/vendor/laravel/framework/src/Illuminate/Foundation/Bootstrap/LoadConfiguration.php:66)
[stacktrace]
#0 /media/yash/New Volume/OFFICE/HRMS/hrmgosaas-61nulled/codecanyon-25982934-hrmgo-saas-hrm-and-payroll-tool/main-file/vendor/laravel/framework/src/Illuminate/Foundation/Bootstrap/LoadConfiguration.php(39): Illuminate\\Foundation\\Bootstrap\\LoadConfiguration->loadConfigurationFiles()
#1 /media/yash/New Volume/OFFICE/HRMS/hrmgosaas-61nulled/codecanyon-25982934-hrmgo-saas-hrm-and-payroll-tool/main-file/vendor/laravel/framework/src/Illuminate/Foundation/Application.php(261): Illuminate\\Foundation\\Bootstrap\\LoadConfiguration->bootstrap()
#2 /media/yash/New Volume/OFFICE/HRMS/hrmgosaas-61nulled/codecanyon-25982934-hrmgo-saas-hrm-and-payroll-tool/main-file/vendor/laravel/framework/src/Illuminate/Foundation/Http/Kernel.php(186): Illuminate\\Foundation\\Application->bootstrapWith()
#3 /media/yash/New Volume/OFFICE/HRMS/hrmgosaas-61nulled/codecanyon-25982934-hrmgo-saas-hrm-and-payroll-tool/main-file/vendor/laravel/framework/src/Illuminate/Foundation/Http/Kernel.php(170): Illuminate\\Foundation\\Http\\Kernel->bootstrap()
#4 /media/yash/New Volume/OFFICE/HRMS/hrmgosaas-61nulled/codecanyon-25982934-hrmgo-saas-hrm-and-payroll-tool/main-file/vendor/laravel/framework/src/Illuminate/Foundation/Http/Kernel.php(144): Illuminate\\Foundation\\Http\\Kernel->sendRequestThroughRouter()
#5 /media/yash/New Volume/OFFICE/HRMS/hrmgosaas-61nulled/codecanyon-25982934-hrmgo-saas-hrm-and-payroll-tool/main-file/public/index.php(51): Illuminate\\Foundation\\Http\\Kernel->handle()
#6 /media/yash/New Volume/OFFICE/HRMS/hrmgosaas-61nulled/codecanyon-25982934-hrmgo-saas-hrm-and-payroll-tool/main-file/vendor/laravel/framework/src/Illuminate/Foundation/resources/server.php(16): require_once('...')
#7 {main}
"} 
[2024-05-29 11:02:04] laravel.EMERGENCY: Unable to create configured logger. Using emergency logger. {"exception":"[object] (InvalidArgumentException(code: 0): Log [] is not defined. at /media/yash/New Volume/OFFICE/HRMS/hrmgosaas-61nulled/codecanyon-25982934-hrmgo-saas-hrm-and-payroll-tool/main-file/vendor/laravel/framework/src/Illuminate/Log/LogManager.php:212)
[stacktrace]
#0 /media/yash/New Volume/OFFICE/HRMS/hrmgosaas-61nulled/codecanyon-25982934-hrmgo-saas-hrm-and-payroll-tool/main-file/vendor/laravel/framework/src/Illuminate/Log/LogManager.php(137): Illuminate\\Log\\LogManager->resolve()
#1 /media/yash/New Volume/OFFICE/HRMS/hrmgosaas-61nulled/codecanyon-25982934-hrmgo-saas-hrm-and-payroll-tool/main-file/vendor/laravel/framework/src/Illuminate/Log/LogManager.php(124): Illuminate\\Log\\LogManager->get()
#2 /media/yash/New Volume/OFFICE/HRMS/hrmgosaas-61nulled/codecanyon-25982934-hrmgo-saas-hrm-and-payroll-tool/main-file/vendor/laravel/framework/src/Illuminate/Log/LogManager.php(665): Illuminate\\Log\\LogManager->driver()
#3 /media/yash/New Volume/OFFICE/HRMS/hrmgosaas-61nulled/codecanyon-25982934-hrmgo-saas-hrm-and-payroll-tool/main-file/vendor/laravel/framework/src/Illuminate/Foundation/Exceptions/Handler.php(317): Illuminate\\Log\\LogManager->error()
#4 /media/yash/New Volume/OFFICE/HRMS/hrmgosaas-61nulled/codecanyon-25982934-hrmgo-saas-hrm-and-payroll-tool/main-file/vendor/laravel/framework/src/Illuminate/Foundation/Exceptions/Handler.php(278): Illuminate\\Foundation\\Exceptions\\Handler->reportThrowable()
#5 /media/yash/New Volume/OFFICE/HRMS/hrmgosaas-61nulled/codecanyon-25982934-hrmgo-saas-hrm-and-payroll-tool/main-file/vendor/laravel/framework/src/Illuminate/Foundation/Http/Kernel.php(497): Illuminate\\Foundation\\Exceptions\\Handler->report()
#6 /media/yash/New Volume/OFFICE/HRMS/hrmgosaas-61nulled/codecanyon-25982934-hrmgo-saas-hrm-and-payroll-tool/main-file/vendor/laravel/framework/src/Illuminate/Foundation/Http/Kernel.php(146): Illuminate\\Foundation\\Http\\Kernel->reportException()
#7 /media/yash/New Volume/OFFICE/HRMS/hrmgosaas-61nulled/codecanyon-25982934-hrmgo-saas-hrm-and-payroll-tool/main-file/public/index.php(51): Illuminate\\Foundation\\Http\\Kernel->handle()
#8 /media/yash/New Volume/OFFICE/HRMS/hrmgosaas-61nulled/codecanyon-25982934-hrmgo-saas-hrm-and-payroll-tool/main-file/vendor/laravel/framework/src/Illuminate/Foundation/resources/server.php(16): require_once('...')
#9 {main}
"} 
[2024-05-29 11:02:04] laravel.ERROR: Unable to load the "app" configuration file. {"exception":"[object] (Exception(code: 0): Unable to load the \"app\" configuration file. at /media/yash/New Volume/OFFICE/HRMS/hrmgosaas-61nulled/codecanyon-25982934-hrmgo-saas-hrm-and-payroll-tool/main-file/vendor/laravel/framework/src/Illuminate/Foundation/Bootstrap/LoadConfiguration.php:66)
[stacktrace]
#0 /media/yash/New Volume/OFFICE/HRMS/hrmgosaas-61nulled/codecanyon-25982934-hrmgo-saas-hrm-and-payroll-tool/main-file/vendor/laravel/framework/src/Illuminate/Foundation/Bootstrap/LoadConfiguration.php(39): Illuminate\\Foundation\\Bootstrap\\LoadConfiguration->loadConfigurationFiles()
#1 /media/yash/New Volume/OFFICE/HRMS/hrmgosaas-61nulled/codecanyon-25982934-hrmgo-saas-hrm-and-payroll-tool/main-file/vendor/laravel/framework/src/Illuminate/Foundation/Application.php(261): Illuminate\\Foundation\\Bootstrap\\LoadConfiguration->bootstrap()
#2 /media/yash/New Volume/OFFICE/HRMS/hrmgosaas-61nulled/codecanyon-25982934-hrmgo-saas-hrm-and-payroll-tool/main-file/vendor/laravel/framework/src/Illuminate/Foundation/Http/Kernel.php(186): Illuminate\\Foundation\\Application->bootstrapWith()
#3 /media/yash/New Volume/OFFICE/HRMS/hrmgosaas-61nulled/codecanyon-25982934-hrmgo-saas-hrm-and-payroll-tool/main-file/vendor/laravel/framework/src/Illuminate/Foundation/Http/Kernel.php(170): Illuminate\\Foundation\\Http\\Kernel->bootstrap()
#4 /media/yash/New Volume/OFFICE/HRMS/hrmgosaas-61nulled/codecanyon-25982934-hrmgo-saas-hrm-and-payroll-tool/main-file/vendor/laravel/framework/src/Illuminate/Foundation/Http/Kernel.php(144): Illuminate\\Foundation\\Http\\Kernel->sendRequestThroughRouter()
#5 /media/yash/New Volume/OFFICE/HRMS/hrmgosaas-61nulled/codecanyon-25982934-hrmgo-saas-hrm-and-payroll-tool/main-file/public/index.php(51): Illuminate\\Foundation\\Http\\Kernel->handle()
#6 /media/yash/New Volume/OFFICE/HRMS/hrmgosaas-61nulled/codecanyon-25982934-hrmgo-saas-hrm-and-payroll-tool/main-file/vendor/laravel/framework/src/Illuminate/Foundation/resources/server.php(16): require_once('...')
#7 {main}
"} 
[2024-05-29 11:02:42] laravel.EMERGENCY: Unable to create configured logger. Using emergency logger. {"exception":"[object] (InvalidArgumentException(code: 0): Log [] is not defined. at /media/yash/New Volume/OFFICE/HRMS/hrmgosaas-61nulled/codecanyon-25982934-hrmgo-saas-hrm-and-payroll-tool/main-file/vendor/laravel/framework/src/Illuminate/Log/LogManager.php:212)
[stacktrace]
#0 /media/yash/New Volume/OFFICE/HRMS/hrmgosaas-61nulled/codecanyon-25982934-hrmgo-saas-hrm-and-payroll-tool/main-file/vendor/laravel/framework/src/Illuminate/Log/LogManager.php(137): Illuminate\\Log\\LogManager->resolve()
#1 /media/yash/New Volume/OFFICE/HRMS/hrmgosaas-61nulled/codecanyon-25982934-hrmgo-saas-hrm-and-payroll-tool/main-file/vendor/laravel/framework/src/Illuminate/Log/LogManager.php(124): Illuminate\\Log\\LogManager->get()
#2 /media/yash/New Volume/OFFICE/HRMS/hrmgosaas-61nulled/codecanyon-25982934-hrmgo-saas-hrm-and-payroll-tool/main-file/vendor/laravel/framework/src/Illuminate/Log/LogManager.php(665): Illuminate\\Log\\LogManager->driver()
#3 /media/yash/New Volume/OFFICE/HRMS/hrmgosaas-61nulled/codecanyon-25982934-hrmgo-saas-hrm-and-payroll-tool/main-file/vendor/laravel/framework/src/Illuminate/Foundation/Exceptions/Handler.php(317): Illuminate\\Log\\LogManager->error()
#4 /media/yash/New Volume/OFFICE/HRMS/hrmgosaas-61nulled/codecanyon-25982934-hrmgo-saas-hrm-and-payroll-tool/main-file/vendor/laravel/framework/src/Illuminate/Foundation/Exceptions/Handler.php(278): Illuminate\\Foundation\\Exceptions\\Handler->reportThrowable()
#5 /media/yash/New Volume/OFFICE/HRMS/hrmgosaas-61nulled/codecanyon-25982934-hrmgo-saas-hrm-and-payroll-tool/main-file/vendor/laravel/framework/src/Illuminate/Foundation/Console/Kernel.php(523): Illuminate\\Foundation\\Exceptions\\Handler->report()
#6 /media/yash/New Volume/OFFICE/HRMS/hrmgosaas-61nulled/codecanyon-25982934-hrmgo-saas-hrm-and-payroll-tool/main-file/vendor/laravel/framework/src/Illuminate/Foundation/Console/Kernel.php(203): Illuminate\\Foundation\\Console\\Kernel->reportException()
#7 Command line code(1): Illuminate\\Foundation\\Console\\Kernel->handle()
#8 {main}
"} 
[2024-05-29 11:02:42] laravel.ERROR: Unable to load the "app" configuration file. {"exception":"[object] (Exception(code: 0): Unable to load the \"app\" configuration file. at /media/yash/New Volume/OFFICE/HRMS/hrmgosaas-61nulled/codecanyon-25982934-hrmgo-saas-hrm-and-payroll-tool/main-file/vendor/laravel/framework/src/Illuminate/Foundation/Bootstrap/LoadConfiguration.php:66)
[stacktrace]
#0 /media/yash/New Volume/OFFICE/HRMS/hrmgosaas-61nulled/codecanyon-25982934-hrmgo-saas-hrm-and-payroll-tool/main-file/vendor/laravel/framework/src/Illuminate/Foundation/Bootstrap/LoadConfiguration.php(39): Illuminate\\Foundation\\Bootstrap\\LoadConfiguration->loadConfigurationFiles()
#1 /media/yash/New Volume/OFFICE/HRMS/hrmgosaas-61nulled/codecanyon-25982934-hrmgo-saas-hrm-and-payroll-tool/main-file/vendor/laravel/framework/src/Illuminate/Foundation/Application.php(261): Illuminate\\Foundation\\Bootstrap\\LoadConfiguration->bootstrap()
#2 /media/yash/New Volume/OFFICE/HRMS/hrmgosaas-61nulled/codecanyon-25982934-hrmgo-saas-hrm-and-payroll-tool/main-file/vendor/laravel/framework/src/Illuminate/Foundation/Console/Kernel.php(447): Illuminate\\Foundation\\Application->bootstrapWith()
#3 /media/yash/New Volume/OFFICE/HRMS/hrmgosaas-61nulled/codecanyon-25982934-hrmgo-saas-hrm-and-payroll-tool/main-file/vendor/laravel/framework/src/Illuminate/Foundation/Console/Kernel.php(199): Illuminate\\Foundation\\Console\\Kernel->bootstrap()
#4 Command line code(1): Illuminate\\Foundation\\Console\\Kernel->handle()
#5 {main}
"} 
[2024-05-29 11:02:42] laravel.EMERGENCY: Unable to create configured logger. Using emergency logger. {"exception":"[object] (InvalidArgumentException(code: 0): Log [] is not defined. at /media/yash/New Volume/OFFICE/HRMS/hrmgosaas-61nulled/codecanyon-25982934-hrmgo-saas-hrm-and-payroll-tool/main-file/vendor/laravel/framework/src/Illuminate/Log/LogManager.php:212)
[stacktrace]
#0 /media/yash/New Volume/OFFICE/HRMS/hrmgosaas-61nulled/codecanyon-25982934-hrmgo-saas-hrm-and-payroll-tool/main-file/vendor/laravel/framework/src/Illuminate/Log/LogManager.php(137): Illuminate\\Log\\LogManager->resolve()
#1 /media/yash/New Volume/OFFICE/HRMS/hrmgosaas-61nulled/codecanyon-25982934-hrmgo-saas-hrm-and-payroll-tool/main-file/vendor/laravel/framework/src/Illuminate/Log/LogManager.php(124): Illuminate\\Log\\LogManager->get()
#2 /media/yash/New Volume/OFFICE/HRMS/hrmgosaas-61nulled/codecanyon-25982934-hrmgo-saas-hrm-and-payroll-tool/main-file/vendor/laravel/framework/src/Illuminate/Log/LogManager.php(665): Illuminate\\Log\\LogManager->driver()
#3 /media/yash/New Volume/OFFICE/HRMS/hrmgosaas-61nulled/codecanyon-25982934-hrmgo-saas-hrm-and-payroll-tool/main-file/vendor/laravel/framework/src/Illuminate/Foundation/Exceptions/Handler.php(317): Illuminate\\Log\\LogManager->error()
#4 /media/yash/New Volume/OFFICE/HRMS/hrmgosaas-61nulled/codecanyon-25982934-hrmgo-saas-hrm-and-payroll-tool/main-file/vendor/laravel/framework/src/Illuminate/Foundation/Exceptions/Handler.php(278): Illuminate\\Foundation\\Exceptions\\Handler->reportThrowable()
#5 /media/yash/New Volume/OFFICE/HRMS/hrmgosaas-61nulled/codecanyon-25982934-hrmgo-saas-hrm-and-payroll-tool/main-file/vendor/laravel/framework/src/Illuminate/Foundation/Console/Kernel.php(523): Illuminate\\Foundation\\Exceptions\\Handler->report()
#6 /media/yash/New Volume/OFFICE/HRMS/hrmgosaas-61nulled/codecanyon-25982934-hrmgo-saas-hrm-and-payroll-tool/main-file/vendor/laravel/framework/src/Illuminate/Foundation/Console/Kernel.php(203): Illuminate\\Foundation\\Console\\Kernel->reportException()
#7 Command line code(1): Illuminate\\Foundation\\Console\\Kernel->handle()
#8 {main}
"} 
[2024-05-29 11:02:42] laravel.ERROR: Unable to load the "app" configuration file. {"exception":"[object] (Exception(code: 0): Unable to load the \"app\" configuration file. at /media/yash/New Volume/OFFICE/HRMS/hrmgosaas-61nulled/codecanyon-25982934-hrmgo-saas-hrm-and-payroll-tool/main-file/vendor/laravel/framework/src/Illuminate/Foundation/Bootstrap/LoadConfiguration.php:66)
[stacktrace]
#0 /media/yash/New Volume/OFFICE/HRMS/hrmgosaas-61nulled/codecanyon-25982934-hrmgo-saas-hrm-and-payroll-tool/main-file/vendor/laravel/framework/src/Illuminate/Foundation/Bootstrap/LoadConfiguration.php(39): Illuminate\\Foundation\\Bootstrap\\LoadConfiguration->loadConfigurationFiles()
#1 /media/yash/New Volume/OFFICE/HRMS/hrmgosaas-61nulled/codecanyon-25982934-hrmgo-saas-hrm-and-payroll-tool/main-file/vendor/laravel/framework/src/Illuminate/Foundation/Application.php(261): Illuminate\\Foundation\\Bootstrap\\LoadConfiguration->bootstrap()
#2 /media/yash/New Volume/OFFICE/HRMS/hrmgosaas-61nulled/codecanyon-25982934-hrmgo-saas-hrm-and-payroll-tool/main-file/vendor/laravel/framework/src/Illuminate/Foundation/Console/Kernel.php(447): Illuminate\\Foundation\\Application->bootstrapWith()
#3 /media/yash/New Volume/OFFICE/HRMS/hrmgosaas-61nulled/codecanyon-25982934-hrmgo-saas-hrm-and-payroll-tool/main-file/vendor/laravel/framework/src/Illuminate/Foundation/Console/Kernel.php(199): Illuminate\\Foundation\\Console\\Kernel->bootstrap()
#4 Command line code(1): Illuminate\\Foundation\\Console\\Kernel->handle()
#5 {main}
"} 
[2024-05-29 16:52:33] local.ERROR: syntax error, unexpected token "<" {"exception":"[object] (Symfony\\Component\\ErrorHandler\\Error\\FatalError(code: 0): syntax error, unexpected token \"<\" at /media/yash/New Volume/OFFICE/HRMS/hrmgosaas-61nulled/codecanyon-25982934-hrmgo-saas-hrm-and-payroll-tool/main-file/app/Models/Utility.php:1342)
[stacktrace]
#0 {main}
"} 
[2024-05-30 12:13:34] local.ERROR: Undefined property: stdClass::$country {"view":{"view":"/media/yash/New Volume/OFFICE/HRMS/hrmgosaas-61nulled/codecanyon-25982934-hrmgo-saas-hrm-and-payroll-tool/main-file/resources/views/employee/lastLogin.blade.php","data":[]},"userId":2,"exception":"[object] (Spatie\\LaravelIgnition\\Exceptions\\ViewException(code: 0): Undefined property: stdClass::$country at /media/yash/New Volume/OFFICE/HRMS/hrmgosaas-61nulled/codecanyon-25982934-hrmgo-saas-hrm-and-payroll-tool/main-file/resources/views/employee/lastLogin.blade.php:171)
[stacktrace]
#0 /media/yash/New Volume/OFFICE/HRMS/hrmgosaas-61nulled/codecanyon-25982934-hrmgo-saas-hrm-and-payroll-tool/main-file/vendor/laravel/framework/src/Illuminate/Foundation/Bootstrap/HandleExceptions.php(254): Illuminate\\Foundation\\Bootstrap\\HandleExceptions->handleError()
#1 /media/yash/New Volume/OFFICE/HRMS/hrmgosaas-61nulled/codecanyon-25982934-hrmgo-saas-hrm-and-payroll-tool/main-file/resources/views/employee/lastLogin.blade.php(171): Illuminate\\Foundation\\Bootstrap\\HandleExceptions->Illuminate\\Foundation\\Bootstrap\\{closure}()
#2 /media/yash/New Volume/OFFICE/HRMS/hrmgosaas-61nulled/codecanyon-25982934-hrmgo-saas-hrm-and-payroll-tool/main-file/vendor/laravel/framework/src/Illuminate/Filesystem/Filesystem.php(124): require('...')
#3 /media/yash/New Volume/OFFICE/HRMS/hrmgosaas-61nulled/codecanyon-25982934-hrmgo-saas-hrm-and-payroll-tool/main-file/vendor/laravel/framework/src/Illuminate/Filesystem/Filesystem.php(125): Illuminate\\Filesystem\\Filesystem::Illuminate\\Filesystem\\{closure}()
#4 /media/yash/New Volume/OFFICE/HRMS/hrmgosaas-61nulled/codecanyon-25982934-hrmgo-saas-hrm-and-payroll-tool/main-file/vendor/laravel/framework/src/Illuminate/View/Engines/PhpEngine.php(58): Illuminate\\Filesystem\\Filesystem->getRequire()
#5 /media/yash/New Volume/OFFICE/HRMS/hrmgosaas-61nulled/codecanyon-25982934-hrmgo-saas-hrm-and-payroll-tool/main-file/vendor/laravel/framework/src/Illuminate/View/Engines/CompilerEngine.php(72): Illuminate\\View\\Engines\\PhpEngine->evaluatePath()
#6 /media/yash/New Volume/OFFICE/HRMS/hrmgosaas-61nulled/codecanyon-25982934-hrmgo-saas-hrm-and-payroll-tool/main-file/vendor/laravel/framework/src/Illuminate/View/View.php(195): Illuminate\\View\\Engines\\CompilerEngine->get()
#7 /media/yash/New Volume/OFFICE/HRMS/hrmgosaas-61nulled/codecanyon-25982934-hrmgo-saas-hrm-and-payroll-tool/main-file/vendor/laravel/framework/src/Illuminate/View/View.php(178): Illuminate\\View\\View->getContents()
#8 /media/yash/New Volume/OFFICE/HRMS/hrmgosaas-61nulled/codecanyon-25982934-hrmgo-saas-hrm-and-payroll-tool/main-file/vendor/laravel/framework/src/Illuminate/View/View.php(147): Illuminate\\View\\View->renderContents()
#9 /media/yash/New Volume/OFFICE/HRMS/hrmgosaas-61nulled/codecanyon-25982934-hrmgo-saas-hrm-and-payroll-tool/main-file/vendor/laravel/framework/src/Illuminate/Http/Response.php(69): Illuminate\\View\\View->render()
#10 /media/yash/New Volume/OFFICE/HRMS/hrmgosaas-61nulled/codecanyon-25982934-hrmgo-saas-hrm-and-payroll-tool/main-file/vendor/laravel/framework/src/Illuminate/Http/Response.php(35): Illuminate\\Http\\Response->setContent()
#11 /media/yash/New Volume/OFFICE/HRMS/hrmgosaas-61nulled/codecanyon-25982934-hrmgo-saas-hrm-and-payroll-tool/main-file/vendor/laravel/framework/src/Illuminate/Routing/Router.php(906): Illuminate\\Http\\Response->__construct()
#12 /media/yash/New Volume/OFFICE/HRMS/hrmgosaas-61nulled/codecanyon-25982934-hrmgo-saas-hrm-and-payroll-tool/main-file/vendor/laravel/framework/src/Illuminate/Routing/Router.php(875): Illuminate\\Routing\\Router::toResponse()
#13 /media/yash/New Volume/OFFICE/HRMS/hrmgosaas-61nulled/codecanyon-25982934-hrmgo-saas-hrm-and-payroll-tool/main-file/vendor/laravel/framework/src/Illuminate/Routing/Router.php(797): Illuminate\\Routing\\Router->prepareResponse()
#14 /media/yash/New Volume/OFFICE/HRMS/hrmgosaas-61nulled/codecanyon-25982934-hrmgo-saas-hrm-and-payroll-tool/main-file/vendor/laravel/framework/src/Illuminate/Pipeline/Pipeline.php(141): Illuminate\\Routing\\Router->Illuminate\\Routing\\{closure}()
#15 /media/yash/New Volume/OFFICE/HRMS/hrmgosaas-61nulled/codecanyon-25982934-hrmgo-saas-hrm-and-payroll-tool/main-file/app/Http/Middleware/XSS.php(60): Illuminate\\Pipeline\\Pipeline->Illuminate\\Pipeline\\{closure}()
#16 /media/yash/New Volume/OFFICE/HRMS/hrmgosaas-61nulled/codecanyon-25982934-hrmgo-saas-hrm-and-payroll-tool/main-file/vendor/laravel/framework/src/Illuminate/Pipeline/Pipeline.php(180): App\\Http\\Middleware\\XSS->handle()
#17 /media/yash/New Volume/OFFICE/HRMS/hrmgosaas-61nulled/codecanyon-25982934-hrmgo-saas-hrm-and-payroll-tool/main-file/vendor/laravel/framework/src/Illuminate/Auth/Middleware/EnsureEmailIsVerified.php(41): Illuminate\\Pipeline\\Pipeline->Illuminate\\Pipeline\\{closure}()
#18 /media/yash/New Volume/OFFICE/HRMS/hrmgosaas-61nulled/codecanyon-25982934-hrmgo-saas-hrm-and-payroll-tool/main-file/vendor/laravel/framework/src/Illuminate/Pipeline/Pipeline.php(180): Illuminate\\Auth\\Middleware\\EnsureEmailIsVerified->handle()
#19 /media/yash/New Volume/OFFICE/HRMS/hrmgosaas-61nulled/codecanyon-25982934-hrmgo-saas-hrm-and-payroll-tool/main-file/vendor/laravel/framework/src/Illuminate/Routing/Middleware/SubstituteBindings.php(50): Illuminate\\Pipeline\\Pipeline->Illuminate\\Pipeline\\{closure}()
#20 /media/yash/New Volume/OFFICE/HRMS/hrmgosaas-61nulled/codecanyon-25982934-hrmgo-saas-hrm-and-payroll-tool/main-file/vendor/laravel/framework/src/Illuminate/Pipeline/Pipeline.php(180): Illuminate\\Routing\\Middleware\\SubstituteBindings->handle()
#21 /media/yash/New Volume/OFFICE/HRMS/hrmgosaas-61nulled/codecanyon-25982934-hrmgo-saas-hrm-and-payroll-tool/main-file/vendor/laravel/framework/src/Illuminate/Auth/Middleware/Authenticate.php(57): Illuminate\\Pipeline\\Pipeline->Illuminate\\Pipeline\\{closure}()
#22 /media/yash/New Volume/OFFICE/HRMS/hrmgosaas-61nulled/codecanyon-25982934-hrmgo-saas-hrm-and-payroll-tool/main-file/vendor/laravel/framework/src/Illuminate/Pipeline/Pipeline.php(180): Illuminate\\Auth\\Middleware\\Authenticate->handle()
#23 /media/yash/New Volume/OFFICE/HRMS/hrmgosaas-61nulled/codecanyon-25982934-hrmgo-saas-hrm-and-payroll-tool/main-file/vendor/laravel/framework/src/Illuminate/Foundation/Http/Middleware/VerifyCsrfToken.php(78): Illuminate\\Pipeline\\Pipeline->Illuminate\\Pipeline\\{closure}()
#24 /media/yash/New Volume/OFFICE/HRMS/hrmgosaas-61nulled/codecanyon-25982934-hrmgo-saas-hrm-and-payroll-tool/main-file/vendor/laravel/framework/src/Illuminate/Pipeline/Pipeline.php(180): Illuminate\\Foundation\\Http\\Middleware\\VerifyCsrfToken->handle()
#25 /media/yash/New Volume/OFFICE/HRMS/hrmgosaas-61nulled/codecanyon-25982934-hrmgo-saas-hrm-and-payroll-tool/main-file/vendor/laravel/framework/src/Illuminate/View/Middleware/ShareErrorsFromSession.php(49): Illuminate\\Pipeline\\Pipeline->Illuminate\\Pipeline\\{closure}()
#26 /media/yash/New Volume/OFFICE/HRMS/hrmgosaas-61nulled/codecanyon-25982934-hrmgo-saas-hrm-and-payroll-tool/main-file/vendor/laravel/framework/src/Illuminate/Pipeline/Pipeline.php(180): Illuminate\\View\\Middleware\\ShareErrorsFromSession->handle()
#27 /media/yash/New Volume/OFFICE/HRMS/hrmgosaas-61nulled/codecanyon-25982934-hrmgo-saas-hrm-and-payroll-tool/main-file/vendor/laravel/framework/src/Illuminate/Session/Middleware/StartSession.php(121): Illuminate\\Pipeline\\Pipeline->Illuminate\\Pipeline\\{closure}()
#28 /media/yash/New Volume/OFFICE/HRMS/hrmgosaas-61nulled/codecanyon-25982934-hrmgo-saas-hrm-and-payroll-tool/main-file/vendor/laravel/framework/src/Illuminate/Session/Middleware/StartSession.php(64): Illuminate\\Session\\Middleware\\StartSession->handleStatefulRequest()
#29 /media/yash/New Volume/OFFICE/HRMS/hrmgosaas-61nulled/codecanyon-25982934-hrmgo-saas-hrm-and-payroll-tool/main-file/vendor/laravel/framework/src/Illuminate/Pipeline/Pipeline.php(180): Illuminate\\Session\\Middleware\\StartSession->handle()
#30 /media/yash/New Volume/OFFICE/HRMS/hrmgosaas-61nulled/codecanyon-25982934-hrmgo-saas-hrm-and-payroll-tool/main-file/vendor/laravel/framework/src/Illuminate/Cookie/Middleware/AddQueuedCookiesToResponse.php(37): Illuminate\\Pipeline\\Pipeline->Illuminate\\Pipeline\\{closure}()
#31 /media/yash/New Volume/OFFICE/HRMS/hrmgosaas-61nulled/codecanyon-25982934-hrmgo-saas-hrm-and-payroll-tool/main-file/vendor/laravel/framework/src/Illuminate/Pipeline/Pipeline.php(180): Illuminate\\Cookie\\Middleware\\AddQueuedCookiesToResponse->handle()
#32 /media/yash/New Volume/OFFICE/HRMS/hrmgosaas-61nulled/codecanyon-25982934-hrmgo-saas-hrm-and-payroll-tool/main-file/vendor/laravel/framework/src/Illuminate/Cookie/Middleware/EncryptCookies.php(67): Illuminate\\Pipeline\\Pipeline->Illuminate\\Pipeline\\{closure}()
#33 /media/yash/New Volume/OFFICE/HRMS/hrmgosaas-61nulled/codecanyon-25982934-hrmgo-saas-hrm-and-payroll-tool/main-file/vendor/laravel/framework/src/Illuminate/Pipeline/Pipeline.php(180): Illuminate\\Cookie\\Middleware\\EncryptCookies->handle()
#34 /media/yash/New Volume/OFFICE/HRMS/hrmgosaas-61nulled/codecanyon-25982934-hrmgo-saas-hrm-and-payroll-tool/main-file/vendor/laravel/framework/src/Illuminate/Pipeline/Pipeline.php(116): Illuminate\\Pipeline\\Pipeline->Illuminate\\Pipeline\\{closure}()
#35 /media/yash/New Volume/OFFICE/HRMS/hrmgosaas-61nulled/codecanyon-25982934-hrmgo-saas-hrm-and-payroll-tool/main-file/vendor/laravel/framework/src/Illuminate/Routing/Router.php(797): Illuminate\\Pipeline\\Pipeline->then()
#36 /media/yash/New Volume/OFFICE/HRMS/hrmgosaas-61nulled/codecanyon-25982934-hrmgo-saas-hrm-and-payroll-tool/main-file/vendor/laravel/framework/src/Illuminate/Routing/Router.php(776): Illuminate\\Routing\\Router->runRouteWithinStack()
#37 /media/yash/New Volume/OFFICE/HRMS/hrmgosaas-61nulled/codecanyon-25982934-hrmgo-saas-hrm-and-payroll-tool/main-file/vendor/laravel/framework/src/Illuminate/Routing/Router.php(740): Illuminate\\Routing\\Router->runRoute()
#38 /media/yash/New Volume/OFFICE/HRMS/hrmgosaas-61nulled/codecanyon-25982934-hrmgo-saas-hrm-and-payroll-tool/main-file/vendor/laravel/framework/src/Illuminate/Routing/Router.php(729): Illuminate\\Routing\\Router->dispatchToRoute()
#39 /media/yash/New Volume/OFFICE/HRMS/hrmgosaas-61nulled/codecanyon-25982934-hrmgo-saas-hrm-and-payroll-tool/main-file/vendor/laravel/framework/src/Illuminate/Foundation/Http/Kernel.php(200): Illuminate\\Routing\\Router->dispatch()
#40 /media/yash/New Volume/OFFICE/HRMS/hrmgosaas-61nulled/codecanyon-25982934-hrmgo-saas-hrm-and-payroll-tool/main-file/vendor/laravel/framework/src/Illuminate/Pipeline/Pipeline.php(141): Illuminate\\Foundation\\Http\\Kernel->Illuminate\\Foundation\\Http\\{closure}()
#41 /media/yash/New Volume/OFFICE/HRMS/hrmgosaas-61nulled/codecanyon-25982934-hrmgo-saas-hrm-and-payroll-tool/main-file/vendor/barryvdh/laravel-debugbar/src/Middleware/InjectDebugbar.php(59): Illuminate\\Pipeline\\Pipeline->Illuminate\\Pipeline\\{closure}()
#42 /media/yash/New Volume/OFFICE/HRMS/hrmgosaas-61nulled/codecanyon-25982934-hrmgo-saas-hrm-and-payroll-tool/main-file/vendor/laravel/framework/src/Illuminate/Pipeline/Pipeline.php(180): Barryvdh\\Debugbar\\Middleware\\InjectDebugbar->handle()
#43 /media/yash/New Volume/OFFICE/HRMS/hrmgosaas-61nulled/codecanyon-25982934-hrmgo-saas-hrm-and-payroll-tool/main-file/vendor/laravel/framework/src/Illuminate/Foundation/Http/Middleware/TransformsRequest.php(21): Illuminate\\Pipeline\\Pipeline->Illuminate\\Pipeline\\{closure}()
#44 /media/yash/New Volume/OFFICE/HRMS/hrmgosaas-61nulled/codecanyon-25982934-hrmgo-saas-hrm-and-payroll-tool/main-file/vendor/laravel/framework/src/Illuminate/Foundation/Http/Middleware/ConvertEmptyStringsToNull.php(31): Illuminate\\Foundation\\Http\\Middleware\\TransformsRequest->handle()
#45 /media/yash/New Volume/OFFICE/HRMS/hrmgosaas-61nulled/codecanyon-25982934-hrmgo-saas-hrm-and-payroll-tool/main-file/vendor/laravel/framework/src/Illuminate/Pipeline/Pipeline.php(180): Illuminate\\Foundation\\Http\\Middleware\\ConvertEmptyStringsToNull->handle()
#46 /media/yash/New Volume/OFFICE/HRMS/hrmgosaas-61nulled/codecanyon-25982934-hrmgo-saas-hrm-and-payroll-tool/main-file/vendor/laravel/framework/src/Illuminate/Foundation/Http/Middleware/TransformsRequest.php(21): Illuminate\\Pipeline\\Pipeline->Illuminate\\Pipeline\\{closure}()
#47 /media/yash/New Volume/OFFICE/HRMS/hrmgosaas-61nulled/codecanyon-25982934-hrmgo-saas-hrm-and-payroll-tool/main-file/vendor/laravel/framework/src/Illuminate/Foundation/Http/Middleware/TrimStrings.php(40): Illuminate\\Foundation\\Http\\Middleware\\TransformsRequest->handle()
#48 /media/yash/New Volume/OFFICE/HRMS/hrmgosaas-61nulled/codecanyon-25982934-hrmgo-saas-hrm-and-payroll-tool/main-file/vendor/laravel/framework/src/Illuminate/Pipeline/Pipeline.php(180): Illuminate\\Foundation\\Http\\Middleware\\TrimStrings->handle()
#49 /media/yash/New Volume/OFFICE/HRMS/hrmgosaas-61nulled/codecanyon-25982934-hrmgo-saas-hrm-and-payroll-tool/main-file/vendor/laravel/framework/src/Illuminate/Foundation/Http/Middleware/ValidatePostSize.php(27): Illuminate\\Pipeline\\Pipeline->Illuminate\\Pipeline\\{closure}()
#50 /media/yash/New Volume/OFFICE/HRMS/hrmgosaas-61nulled/codecanyon-25982934-hrmgo-saas-hrm-and-payroll-tool/main-file/vendor/laravel/framework/src/Illuminate/Pipeline/Pipeline.php(180): Illuminate\\Foundation\\Http\\Middleware\\ValidatePostSize->handle()
#51 /media/yash/New Volume/OFFICE/HRMS/hrmgosaas-61nulled/codecanyon-25982934-hrmgo-saas-hrm-and-payroll-tool/main-file/vendor/laravel/framework/src/Illuminate/Foundation/Http/Middleware/PreventRequestsDuringMaintenance.php(99): Illuminate\\Pipeline\\Pipeline->Illuminate\\Pipeline\\{closure}()
#52 /media/yash/New Volume/OFFICE/HRMS/hrmgosaas-61nulled/codecanyon-25982934-hrmgo-saas-hrm-and-payroll-tool/main-file/vendor/laravel/framework/src/Illuminate/Pipeline/Pipeline.php(180): Illuminate\\Foundation\\Http\\Middleware\\PreventRequestsDuringMaintenance->handle()
#53 /media/yash/New Volume/OFFICE/HRMS/hrmgosaas-61nulled/codecanyon-25982934-hrmgo-saas-hrm-and-payroll-tool/main-file/vendor/laravel/framework/src/Illuminate/Http/Middleware/TrustProxies.php(39): Illuminate\\Pipeline\\Pipeline->Illuminate\\Pipeline\\{closure}()
#54 /media/yash/New Volume/OFFICE/HRMS/hrmgosaas-61nulled/codecanyon-25982934-hrmgo-saas-hrm-and-payroll-tool/main-file/vendor/laravel/framework/src/Illuminate/Pipeline/Pipeline.php(180): Illuminate\\Http\\Middleware\\TrustProxies->handle()
#55 /media/yash/New Volume/OFFICE/HRMS/hrmgosaas-61nulled/codecanyon-25982934-hrmgo-saas-hrm-and-payroll-tool/main-file/vendor/laravel/framework/src/Illuminate/Pipeline/Pipeline.php(116): Illuminate\\Pipeline\\Pipeline->Illuminate\\Pipeline\\{closure}()
#56 /media/yash/New Volume/OFFICE/HRMS/hrmgosaas-61nulled/codecanyon-25982934-hrmgo-saas-hrm-and-payroll-tool/main-file/vendor/laravel/framework/src/Illuminate/Foundation/Http/Kernel.php(175): Illuminate\\Pipeline\\Pipeline->then()
#57 /media/yash/New Volume/OFFICE/HRMS/hrmgosaas-61nulled/codecanyon-25982934-hrmgo-saas-hrm-and-payroll-tool/main-file/vendor/laravel/framework/src/Illuminate/Foundation/Http/Kernel.php(144): Illuminate\\Foundation\\Http\\Kernel->sendRequestThroughRouter()
#58 /media/yash/New Volume/OFFICE/HRMS/hrmgosaas-61nulled/codecanyon-25982934-hrmgo-saas-hrm-and-payroll-tool/main-file/public/index.php(51): Illuminate\\Foundation\\Http\\Kernel->handle()
#59 /media/yash/New Volume/OFFICE/HRMS/hrmgosaas-61nulled/codecanyon-25982934-hrmgo-saas-hrm-and-payroll-tool/main-file/vendor/laravel/framework/src/Illuminate/Foundation/resources/server.php(16): require_once('...')
#60 {main}

[previous exception] [object] (ErrorException(code: 0): Undefined property: stdClass::$country at /media/yash/New Volume/OFFICE/HRMS/hrmgosaas-61nulled/codecanyon-25982934-hrmgo-saas-hrm-and-payroll-tool/main-file/storage/framework/views/36cfc18182dfc58a98ce6c9753ac1b3a.php:117)
[stacktrace]
#0 /media/yash/New Volume/OFFICE/HRMS/hrmgosaas-61nulled/codecanyon-25982934-hrmgo-saas-hrm-and-payroll-tool/main-file/vendor/laravel/framework/src/Illuminate/Foundation/Bootstrap/HandleExceptions.php(254): Illuminate\\Foundation\\Bootstrap\\HandleExceptions->handleError()
#1 /media/yash/New Volume/OFFICE/HRMS/hrmgosaas-61nulled/codecanyon-25982934-hrmgo-saas-hrm-and-payroll-tool/main-file/storage/framework/views/36cfc18182dfc58a98ce6c9753ac1b3a.php(117): Illuminate\\Foundation\\Bootstrap\\HandleExceptions->Illuminate\\Foundation\\Bootstrap\\{closure}()
#2 /media/yash/New Volume/OFFICE/HRMS/hrmgosaas-61nulled/codecanyon-25982934-hrmgo-saas-hrm-and-payroll-tool/main-file/vendor/laravel/framework/src/Illuminate/Filesystem/Filesystem.php(124): require('...')
#3 /media/yash/New Volume/OFFICE/HRMS/hrmgosaas-61nulled/codecanyon-25982934-hrmgo-saas-hrm-and-payroll-tool/main-file/vendor/laravel/framework/src/Illuminate/Filesystem/Filesystem.php(125): Illuminate\\Filesystem\\Filesystem::Illuminate\\Filesystem\\{closure}()
#4 /media/yash/New Volume/OFFICE/HRMS/hrmgosaas-61nulled/codecanyon-25982934-hrmgo-saas-hrm-and-payroll-tool/main-file/vendor/laravel/framework/src/Illuminate/View/Engines/PhpEngine.php(58): Illuminate\\Filesystem\\Filesystem->getRequire()
#5 /media/yash/New Volume/OFFICE/HRMS/hrmgosaas-61nulled/codecanyon-25982934-hrmgo-saas-hrm-and-payroll-tool/main-file/vendor/laravel/framework/src/Illuminate/View/Engines/CompilerEngine.php(72): Illuminate\\View\\Engines\\PhpEngine->evaluatePath()
#6 /media/yash/New Volume/OFFICE/HRMS/hrmgosaas-61nulled/codecanyon-25982934-hrmgo-saas-hrm-and-payroll-tool/main-file/vendor/laravel/framework/src/Illuminate/View/View.php(195): Illuminate\\View\\Engines\\CompilerEngine->get()
#7 /media/yash/New Volume/OFFICE/HRMS/hrmgosaas-61nulled/codecanyon-25982934-hrmgo-saas-hrm-and-payroll-tool/main-file/vendor/laravel/framework/src/Illuminate/View/View.php(178): Illuminate\\View\\View->getContents()
#8 /media/yash/New Volume/OFFICE/HRMS/hrmgosaas-61nulled/codecanyon-25982934-hrmgo-saas-hrm-and-payroll-tool/main-file/vendor/laravel/framework/src/Illuminate/View/View.php(147): Illuminate\\View\\View->renderContents()
#9 /media/yash/New Volume/OFFICE/HRMS/hrmgosaas-61nulled/codecanyon-25982934-hrmgo-saas-hrm-and-payroll-tool/main-file/vendor/laravel/framework/src/Illuminate/Http/Response.php(69): Illuminate\\View\\View->render()
#10 /media/yash/New Volume/OFFICE/HRMS/hrmgosaas-61nulled/codecanyon-25982934-hrmgo-saas-hrm-and-payroll-tool/main-file/vendor/laravel/framework/src/Illuminate/Http/Response.php(35): Illuminate\\Http\\Response->setContent()
#11 /media/yash/New Volume/OFFICE/HRMS/hrmgosaas-61nulled/codecanyon-25982934-hrmgo-saas-hrm-and-payroll-tool/main-file/vendor/laravel/framework/src/Illuminate/Routing/Router.php(906): Illuminate\\Http\\Response->__construct()
#12 /media/yash/New Volume/OFFICE/HRMS/hrmgosaas-61nulled/codecanyon-25982934-hrmgo-saas-hrm-and-payroll-tool/main-file/vendor/laravel/framework/src/Illuminate/Routing/Router.php(875): Illuminate\\Routing\\Router::toResponse()
#13 /media/yash/New Volume/OFFICE/HRMS/hrmgosaas-61nulled/codecanyon-25982934-hrmgo-saas-hrm-and-payroll-tool/main-file/vendor/laravel/framework/src/Illuminate/Routing/Router.php(797): Illuminate\\Routing\\Router->prepareResponse()
#14 /media/yash/New Volume/OFFICE/HRMS/hrmgosaas-61nulled/codecanyon-25982934-hrmgo-saas-hrm-and-payroll-tool/main-file/vendor/laravel/framework/src/Illuminate/Pipeline/Pipeline.php(141): Illuminate\\Routing\\Router->Illuminate\\Routing\\{closure}()
#15 /media/yash/New Volume/OFFICE/HRMS/hrmgosaas-61nulled/codecanyon-25982934-hrmgo-saas-hrm-and-payroll-tool/main-file/app/Http/Middleware/XSS.php(60): Illuminate\\Pipeline\\Pipeline->Illuminate\\Pipeline\\{closure}()
#16 /media/yash/New Volume/OFFICE/HRMS/hrmgosaas-61nulled/codecanyon-25982934-hrmgo-saas-hrm-and-payroll-tool/main-file/vendor/laravel/framework/src/Illuminate/Pipeline/Pipeline.php(180): App\\Http\\Middleware\\XSS->handle()
#17 /media/yash/New Volume/OFFICE/HRMS/hrmgosaas-61nulled/codecanyon-25982934-hrmgo-saas-hrm-and-payroll-tool/main-file/vendor/laravel/framework/src/Illuminate/Auth/Middleware/EnsureEmailIsVerified.php(41): Illuminate\\Pipeline\\Pipeline->Illuminate\\Pipeline\\{closure}()
#18 /media/yash/New Volume/OFFICE/HRMS/hrmgosaas-61nulled/codecanyon-25982934-hrmgo-saas-hrm-and-payroll-tool/main-file/vendor/laravel/framework/src/Illuminate/Pipeline/Pipeline.php(180): Illuminate\\Auth\\Middleware\\EnsureEmailIsVerified->handle()
#19 /media/yash/New Volume/OFFICE/HRMS/hrmgosaas-61nulled/codecanyon-25982934-hrmgo-saas-hrm-and-payroll-tool/main-file/vendor/laravel/framework/src/Illuminate/Routing/Middleware/SubstituteBindings.php(50): Illuminate\\Pipeline\\Pipeline->Illuminate\\Pipeline\\{closure}()
#20 /media/yash/New Volume/OFFICE/HRMS/hrmgosaas-61nulled/codecanyon-25982934-hrmgo-saas-hrm-and-payroll-tool/main-file/vendor/laravel/framework/src/Illuminate/Pipeline/Pipeline.php(180): Illuminate\\Routing\\Middleware\\SubstituteBindings->handle()
#21 /media/yash/New Volume/OFFICE/HRMS/hrmgosaas-61nulled/codecanyon-25982934-hrmgo-saas-hrm-and-payroll-tool/main-file/vendor/laravel/framework/src/Illuminate/Auth/Middleware/Authenticate.php(57): Illuminate\\Pipeline\\Pipeline->Illuminate\\Pipeline\\{closure}()
#22 /media/yash/New Volume/OFFICE/HRMS/hrmgosaas-61nulled/codecanyon-25982934-hrmgo-saas-hrm-and-payroll-tool/main-file/vendor/laravel/framework/src/Illuminate/Pipeline/Pipeline.php(180): Illuminate\\Auth\\Middleware\\Authenticate->handle()
#23 /media/yash/New Volume/OFFICE/HRMS/hrmgosaas-61nulled/codecanyon-25982934-hrmgo-saas-hrm-and-payroll-tool/main-file/vendor/laravel/framework/src/Illuminate/Foundation/Http/Middleware/VerifyCsrfToken.php(78): Illuminate\\Pipeline\\Pipeline->Illuminate\\Pipeline\\{closure}()
#24 /media/yash/New Volume/OFFICE/HRMS/hrmgosaas-61nulled/codecanyon-25982934-hrmgo-saas-hrm-and-payroll-tool/main-file/vendor/laravel/framework/src/Illuminate/Pipeline/Pipeline.php(180): Illuminate\\Foundation\\Http\\Middleware\\VerifyCsrfToken->handle()
#25 /media/yash/New Volume/OFFICE/HRMS/hrmgosaas-61nulled/codecanyon-25982934-hrmgo-saas-hrm-and-payroll-tool/main-file/vendor/laravel/framework/src/Illuminate/View/Middleware/ShareErrorsFromSession.php(49): Illuminate\\Pipeline\\Pipeline->Illuminate\\Pipeline\\{closure}()
#26 /media/yash/New Volume/OFFICE/HRMS/hrmgosaas-61nulled/codecanyon-25982934-hrmgo-saas-hrm-and-payroll-tool/main-file/vendor/laravel/framework/src/Illuminate/Pipeline/Pipeline.php(180): Illuminate\\View\\Middleware\\ShareErrorsFromSession->handle()
#27 /media/yash/New Volume/OFFICE/HRMS/hrmgosaas-61nulled/codecanyon-25982934-hrmgo-saas-hrm-and-payroll-tool/main-file/vendor/laravel/framework/src/Illuminate/Session/Middleware/StartSession.php(121): Illuminate\\Pipeline\\Pipeline->Illuminate\\Pipeline\\{closure}()
#28 /media/yash/New Volume/OFFICE/HRMS/hrmgosaas-61nulled/codecanyon-25982934-hrmgo-saas-hrm-and-payroll-tool/main-file/vendor/laravel/framework/src/Illuminate/Session/Middleware/StartSession.php(64): Illuminate\\Session\\Middleware\\StartSession->handleStatefulRequest()
#29 /media/yash/New Volume/OFFICE/HRMS/hrmgosaas-61nulled/codecanyon-25982934-hrmgo-saas-hrm-and-payroll-tool/main-file/vendor/laravel/framework/src/Illuminate/Pipeline/Pipeline.php(180): Illuminate\\Session\\Middleware\\StartSession->handle()
#30 /media/yash/New Volume/OFFICE/HRMS/hrmgosaas-61nulled/codecanyon-25982934-hrmgo-saas-hrm-and-payroll-tool/main-file/vendor/laravel/framework/src/Illuminate/Cookie/Middleware/AddQueuedCookiesToResponse.php(37): Illuminate\\Pipeline\\Pipeline->Illuminate\\Pipeline\\{closure}()
#31 /media/yash/New Volume/OFFICE/HRMS/hrmgosaas-61nulled/codecanyon-25982934-hrmgo-saas-hrm-and-payroll-tool/main-file/vendor/laravel/framework/src/Illuminate/Pipeline/Pipeline.php(180): Illuminate\\Cookie\\Middleware\\AddQueuedCookiesToResponse->handle()
#32 /media/yash/New Volume/OFFICE/HRMS/hrmgosaas-61nulled/codecanyon-25982934-hrmgo-saas-hrm-and-payroll-tool/main-file/vendor/laravel/framework/src/Illuminate/Cookie/Middleware/EncryptCookies.php(67): Illuminate\\Pipeline\\Pipeline->Illuminate\\Pipeline\\{closure}()
#33 /media/yash/New Volume/OFFICE/HRMS/hrmgosaas-61nulled/codecanyon-25982934-hrmgo-saas-hrm-and-payroll-tool/main-file/vendor/laravel/framework/src/Illuminate/Pipeline/Pipeline.php(180): Illuminate\\Cookie\\Middleware\\EncryptCookies->handle()
#34 /media/yash/New Volume/OFFICE/HRMS/hrmgosaas-61nulled/codecanyon-25982934-hrmgo-saas-hrm-and-payroll-tool/main-file/vendor/laravel/framework/src/Illuminate/Pipeline/Pipeline.php(116): Illuminate\\Pipeline\\Pipeline->Illuminate\\Pipeline\\{closure}()
#35 /media/yash/New Volume/OFFICE/HRMS/hrmgosaas-61nulled/codecanyon-25982934-hrmgo-saas-hrm-and-payroll-tool/main-file/vendor/laravel/framework/src/Illuminate/Routing/Router.php(797): Illuminate\\Pipeline\\Pipeline->then()
#36 /media/yash/New Volume/OFFICE/HRMS/hrmgosaas-61nulled/codecanyon-25982934-hrmgo-saas-hrm-and-payroll-tool/main-file/vendor/laravel/framework/src/Illuminate/Routing/Router.php(776): Illuminate\\Routing\\Router->runRouteWithinStack()
#37 /media/yash/New Volume/OFFICE/HRMS/hrmgosaas-61nulled/codecanyon-25982934-hrmgo-saas-hrm-and-payroll-tool/main-file/vendor/laravel/framework/src/Illuminate/Routing/Router.php(740): Illuminate\\Routing\\Router->runRoute()
#38 /media/yash/New Volume/OFFICE/HRMS/hrmgosaas-61nulled/codecanyon-25982934-hrmgo-saas-hrm-and-payroll-tool/main-file/vendor/laravel/framework/src/Illuminate/Routing/Router.php(729): Illuminate\\Routing\\Router->dispatchToRoute()
#39 /media/yash/New Volume/OFFICE/HRMS/hrmgosaas-61nulled/codecanyon-25982934-hrmgo-saas-hrm-and-payroll-tool/main-file/vendor/laravel/framework/src/Illuminate/Foundation/Http/Kernel.php(200): Illuminate\\Routing\\Router->dispatch()
#40 /media/yash/New Volume/OFFICE/HRMS/hrmgosaas-61nulled/codecanyon-25982934-hrmgo-saas-hrm-and-payroll-tool/main-file/vendor/laravel/framework/src/Illuminate/Pipeline/Pipeline.php(141): Illuminate\\Foundation\\Http\\Kernel->Illuminate\\Foundation\\Http\\{closure}()
#41 /media/yash/New Volume/OFFICE/HRMS/hrmgosaas-61nulled/codecanyon-25982934-hrmgo-saas-hrm-and-payroll-tool/main-file/vendor/barryvdh/laravel-debugbar/src/Middleware/InjectDebugbar.php(59): Illuminate\\Pipeline\\Pipeline->Illuminate\\Pipeline\\{closure}()
#42 /media/yash/New Volume/OFFICE/HRMS/hrmgosaas-61nulled/codecanyon-25982934-hrmgo-saas-hrm-and-payroll-tool/main-file/vendor/laravel/framework/src/Illuminate/Pipeline/Pipeline.php(180): Barryvdh\\Debugbar\\Middleware\\InjectDebugbar->handle()
#43 /media/yash/New Volume/OFFICE/HRMS/hrmgosaas-61nulled/codecanyon-25982934-hrmgo-saas-hrm-and-payroll-tool/main-file/vendor/laravel/framework/src/Illuminate/Foundation/Http/Middleware/TransformsRequest.php(21): Illuminate\\Pipeline\\Pipeline->Illuminate\\Pipeline\\{closure}()
#44 /media/yash/New Volume/OFFICE/HRMS/hrmgosaas-61nulled/codecanyon-25982934-hrmgo-saas-hrm-and-payroll-tool/main-file/vendor/laravel/framework/src/Illuminate/Foundation/Http/Middleware/ConvertEmptyStringsToNull.php(31): Illuminate\\Foundation\\Http\\Middleware\\TransformsRequest->handle()
#45 /media/yash/New Volume/OFFICE/HRMS/hrmgosaas-61nulled/codecanyon-25982934-hrmgo-saas-hrm-and-payroll-tool/main-file/vendor/laravel/framework/src/Illuminate/Pipeline/Pipeline.php(180): Illuminate\\Foundation\\Http\\Middleware\\ConvertEmptyStringsToNull->handle()
#46 /media/yash/New Volume/OFFICE/HRMS/hrmgosaas-61nulled/codecanyon-25982934-hrmgo-saas-hrm-and-payroll-tool/main-file/vendor/laravel/framework/src/Illuminate/Foundation/Http/Middleware/TransformsRequest.php(21): Illuminate\\Pipeline\\Pipeline->Illuminate\\Pipeline\\{closure}()
#47 /media/yash/New Volume/OFFICE/HRMS/hrmgosaas-61nulled/codecanyon-25982934-hrmgo-saas-hrm-and-payroll-tool/main-file/vendor/laravel/framework/src/Illuminate/Foundation/Http/Middleware/TrimStrings.php(40): Illuminate\\Foundation\\Http\\Middleware\\TransformsRequest->handle()
#48 /media/yash/New Volume/OFFICE/HRMS/hrmgosaas-61nulled/codecanyon-25982934-hrmgo-saas-hrm-and-payroll-tool/main-file/vendor/laravel/framework/src/Illuminate/Pipeline/Pipeline.php(180): Illuminate\\Foundation\\Http\\Middleware\\TrimStrings->handle()
#49 /media/yash/New Volume/OFFICE/HRMS/hrmgosaas-61nulled/codecanyon-25982934-hrmgo-saas-hrm-and-payroll-tool/main-file/vendor/laravel/framework/src/Illuminate/Foundation/Http/Middleware/ValidatePostSize.php(27): Illuminate\\Pipeline\\Pipeline->Illuminate\\Pipeline\\{closure}()
#50 /media/yash/New Volume/OFFICE/HRMS/hrmgosaas-61nulled/codecanyon-25982934-hrmgo-saas-hrm-and-payroll-tool/main-file/vendor/laravel/framework/src/Illuminate/Pipeline/Pipeline.php(180): Illuminate\\Foundation\\Http\\Middleware\\ValidatePostSize->handle()
#51 /media/yash/New Volume/OFFICE/HRMS/hrmgosaas-61nulled/codecanyon-25982934-hrmgo-saas-hrm-and-payroll-tool/main-file/vendor/laravel/framework/src/Illuminate/Foundation/Http/Middleware/PreventRequestsDuringMaintenance.php(99): Illuminate\\Pipeline\\Pipeline->Illuminate\\Pipeline\\{closure}()
#52 /media/yash/New Volume/OFFICE/HRMS/hrmgosaas-61nulled/codecanyon-25982934-hrmgo-saas-hrm-and-payroll-tool/main-file/vendor/laravel/framework/src/Illuminate/Pipeline/Pipeline.php(180): Illuminate\\Foundation\\Http\\Middleware\\PreventRequestsDuringMaintenance->handle()
#53 /media/yash/New Volume/OFFICE/HRMS/hrmgosaas-61nulled/codecanyon-25982934-hrmgo-saas-hrm-and-payroll-tool/main-file/vendor/laravel/framework/src/Illuminate/Http/Middleware/TrustProxies.php(39): Illuminate\\Pipeline\\Pipeline->Illuminate\\Pipeline\\{closure}()
#54 /media/yash/New Volume/OFFICE/HRMS/hrmgosaas-61nulled/codecanyon-25982934-hrmgo-saas-hrm-and-payroll-tool/main-file/vendor/laravel/framework/src/Illuminate/Pipeline/Pipeline.php(180): Illuminate\\Http\\Middleware\\TrustProxies->handle()
#55 /media/yash/New Volume/OFFICE/HRMS/hrmgosaas-61nulled/codecanyon-25982934-hrmgo-saas-hrm-and-payroll-tool/main-file/vendor/laravel/framework/src/Illuminate/Pipeline/Pipeline.php(116): Illuminate\\Pipeline\\Pipeline->Illuminate\\Pipeline\\{closure}()
#56 /media/yash/New Volume/OFFICE/HRMS/hrmgosaas-61nulled/codecanyon-25982934-hrmgo-saas-hrm-and-payroll-tool/main-file/vendor/laravel/framework/src/Illuminate/Foundation/Http/Kernel.php(175): Illuminate\\Pipeline\\Pipeline->then()
#57 /media/yash/New Volume/OFFICE/HRMS/hrmgosaas-61nulled/codecanyon-25982934-hrmgo-saas-hrm-and-payroll-tool/main-file/vendor/laravel/framework/src/Illuminate/Foundation/Http/Kernel.php(144): Illuminate\\Foundation\\Http\\Kernel->sendRequestThroughRouter()
#58 /media/yash/New Volume/OFFICE/HRMS/hrmgosaas-61nulled/codecanyon-25982934-hrmgo-saas-hrm-and-payroll-tool/main-file/public/index.php(51): Illuminate\\Foundation\\Http\\Kernel->handle()
#59 /media/yash/New Volume/OFFICE/HRMS/hrmgosaas-61nulled/codecanyon-25982934-hrmgo-saas-hrm-and-payroll-tool/main-file/vendor/laravel/framework/src/Illuminate/Foundation/resources/server.php(16): require_once('...')
#60 {main}
"} 
